C:\USERS\GLAXY\DOCUMENTS\AMD APP\SAMPLES\OPENCL\CPP_CL\APP\INTROSTATICCPPKERNEL\DEBUG\INTROSTATICCPPKERNEL.OBJ
C:\USERS\GLAXY\DOCUMENTS\AMD APP\SAMPLES\OPENCL\CPP_CL\APP\INTROSTATICCPPKERNEL\DEBUG\VC110.PDB
C:\USERS\GLAXY\DOCUMENTS\AMD APP\SAMPLES\OPENCL\BIN\DEBUG\X86\INTROSTATICCPPKERNEL.ILK
C:\USERS\GLAXY\DOCUMENTS\AMD APP\SAMPLES\OPENCL\BIN\DEBUG\X86\INTROSTATICCPPKERNEL.EXE
C:\USERS\GLAXY\DOCUMENTS\AMD APP\SAMPLES\OPENCL\BIN\DEBUG\X86\INTROSTATICCPPKERNEL.PDB
C:\Users\glaxy\Documents\AMD APP\samples\opencl\cpp_cl\app\IntroStaticCPPKernel\Debug\IntroStaticCPPKernel.obj
C:\Users\glaxy\Documents\AMD APP\samples\opencl\cpp_cl\app\IntroStaticCPPKernel\Debug\cl.command.1.tlog
C:\Users\glaxy\Documents\AMD APP\samples\opencl\cpp_cl\app\IntroStaticCPPKernel\Debug\CL.read.1.tlog
C:\Users\glaxy\Documents\AMD APP\samples\opencl\cpp_cl\app\IntroStaticCPPKernel\Debug\CL.write.1.tlog
C:\Users\glaxy\Documents\AMD APP\samples\opencl\cpp_cl\app\IntroStaticCPPKernel\Debug\link-cvtres.read.1.tlog
C:\Users\glaxy\Documents\AMD APP\samples\opencl\cpp_cl\app\IntroStaticCPPKernel\Debug\link-cvtres.write.1.tlog
C:\Users\glaxy\Documents\AMD APP\samples\opencl\cpp_cl\app\IntroStaticCPPKernel\Debug\link-rc.read.1.tlog
C:\Users\glaxy\Documents\AMD APP\samples\opencl\cpp_cl\app\IntroStaticCPPKernel\Debug\link-rc.write.1.tlog
C:\Users\glaxy\Documents\AMD APP\samples\opencl\cpp_cl\app\IntroStaticCPPKernel\Debug\link.command.1.tlog
C:\Users\glaxy\Documents\AMD APP\samples\opencl\cpp_cl\app\IntroStaticCPPKernel\Debug\link.read.1.tlog
C:\Users\glaxy\Documents\AMD APP\samples\opencl\cpp_cl\app\IntroStaticCPPKernel\Debug\link.write.1.tlog
C:\Users\glaxy\Documents\AMD APP\samples\opencl\cpp_cl\app\IntroStaticCPPKernel\Debug\vc110.idb
C:\Users\glaxy\Documents\AMD APP\samples\opencl\cpp_cl\app\IntroStaticCPPKernel\Debug\vc110.pdb
C:\Users\glaxy\Documents\AMD APP\\samples\opencl\bin\debug\x86\IntroStaticCPPKernel.pdb
C:\Users\glaxy\Documents\AMD APP\\samples\opencl\bin\debug\x86\IntroStaticCPPKernel.exe
C:\Users\glaxy\Documents\AMD APP\\samples\opencl\bin\debug\x86\IntroStaticCPPKernel.ilk
