C:\USERS\GLAXY\DOCUMENTS\AMD APP\SAMPLES\OPENCL\CPP_CL\APP\TRANSFEROVERLAPCPP\DEBUG\WIN32\TRANSFEROVERLAPCPP.OBJ
C:\USERS\GLAXY\DOCUMENTS\AMD APP\SAMPLES\OPENCL\CPP_CL\APP\TRANSFEROVERLAPCPP\DEBUG\WIN32\TIMER.OBJ
C:\USERS\GLAXY\DOCUMENTS\AMD APP\SAMPLES\OPENCL\CPP_CL\APP\TRANSFEROVERLAPCPP\DEBUG\WIN32\LOG.OBJ
C:\USERS\GLAXY\DOCUMENTS\AMD APP\SAMPLES\OPENCL\CPP_CL\APP\TRANSFEROVERLAPCPP\DEBUG\WIN32\VC110.PDB
C:\USERS\GLAXY\DOCUMENTS\AMD APP\SAMPLES\OPENCL\BIN\DEBUG\X86\TRANSFEROVERLAPCPP.ILK
C:\USERS\GLAXY\DOCUMENTS\AMD APP\SAMPLES\OPENCL\BIN\DEBUG\X86\TRANSFEROVERLAPCPP.EXE
C:\USERS\GLAXY\DOCUMENTS\AMD APP\SAMPLES\OPENCL\CPP_CL\APP\TRANSFEROVERLAPCPP\DEBUG\WIN32\TRANSFEROVERLAPCPP.PDB
C:\Users\glaxy\Documents\AMD APP\samples\opencl\cpp_cl\app\TransferOverlapCPP\Debug\Win32\Log.obj
C:\Users\glaxy\Documents\AMD APP\samples\opencl\cpp_cl\app\TransferOverlapCPP\Debug\Win32\Timer.obj
C:\Users\glaxy\Documents\AMD APP\samples\opencl\cpp_cl\app\TransferOverlapCPP\Debug\Win32\TransferOverlapCPP.obj
C:\Users\glaxy\Documents\AMD APP\samples\opencl\cpp_cl\app\TransferOverlapCPP\Debug\Win32\cl.command.1.tlog
C:\Users\glaxy\Documents\AMD APP\samples\opencl\cpp_cl\app\TransferOverlapCPP\Debug\Win32\CL.read.1.tlog
C:\Users\glaxy\Documents\AMD APP\samples\opencl\cpp_cl\app\TransferOverlapCPP\Debug\Win32\CL.write.1.tlog
C:\Users\glaxy\Documents\AMD APP\samples\opencl\cpp_cl\app\TransferOverlapCPP\Debug\Win32\link-cvtres.read.1.tlog
C:\Users\glaxy\Documents\AMD APP\samples\opencl\cpp_cl\app\TransferOverlapCPP\Debug\Win32\link-cvtres.write.1.tlog
C:\Users\glaxy\Documents\AMD APP\samples\opencl\cpp_cl\app\TransferOverlapCPP\Debug\Win32\link-rc.read.1.tlog
C:\Users\glaxy\Documents\AMD APP\samples\opencl\cpp_cl\app\TransferOverlapCPP\Debug\Win32\link-rc.write.1.tlog
C:\Users\glaxy\Documents\AMD APP\samples\opencl\cpp_cl\app\TransferOverlapCPP\Debug\Win32\link.command.1.tlog
C:\Users\glaxy\Documents\AMD APP\samples\opencl\cpp_cl\app\TransferOverlapCPP\Debug\Win32\link.read.1.tlog
C:\Users\glaxy\Documents\AMD APP\samples\opencl\cpp_cl\app\TransferOverlapCPP\Debug\Win32\link.write.1.tlog
C:\Users\glaxy\Documents\AMD APP\samples\opencl\cpp_cl\app\TransferOverlapCPP\Debug\Win32\vc110.idb
C:\Users\glaxy\Documents\AMD APP\samples\opencl\cpp_cl\app\TransferOverlapCPP\Debug\Win32\TransferOverlapCPP.pdb
C:\Users\glaxy\Documents\AMD APP\samples\opencl\cpp_cl\app\TransferOverlapCPP\Debug\Win32\vc110.pdb
C:\Users\glaxy\Documents\AMD APP\\samples\opencl\bin\debug\x86\TransferOverlapCPP.pdb
C:\Users\glaxy\Documents\AMD APP\\samples\opencl\bin\debug\x86\TransferOverlapCPP.exe
C:\Users\glaxy\Documents\AMD APP\\samples\opencl\bin\debug\x86\TransferOverlapCPP.ilk
