C:\Users\glaxy\Documents\AMD APP\samples\opencl\bin\debug\x86\BinomialOptionMultiGPU.lib
C:\Users\glaxy\Documents\AMD APP\samples\opencl\bin\debug\x86\BinomialOptionMultiGPU.exp
C:\USERS\GLAXY\DOCUMENTS\AMD APP\SAMPLES\OPENCL\CL\APP\BINOMIALOPTIONMULTIGPU\DEBUG\WIN32\BINOMIALOPTIONMULTIGPU.OBJ
C:\USERS\GLAXY\DOCUMENTS\AMD APP\SAMPLES\OPENCL\CL\APP\BINOMIALOPTIONMULTIGPU\DEBUG\WIN32\VC110.PDB
C:\USERS\GLAXY\DOCUMENTS\AMD APP\SAMPLES\OPENCL\BIN\DEBUG\X86\BINOMIALOPTIONMULTIGPU.ILK
C:\USERS\GLAXY\DOCUMENTS\AMD APP\SAMPLES\OPENCL\BIN\DEBUG\X86\BINOMIALOPTIONMULTIGPU.EXE
C:\USERS\GLAXY\DOCUMENTS\AMD APP\SAMPLES\OPENCL\CL\APP\BINOMIALOPTIONMULTIGPU\DEBUG\WIN32\BINOMIALOPTIONMULTIGPU.PDB
C:\Users\glaxy\Documents\AMD APP\samples\opencl\cl\app\BinomialOptionMultiGPU\Debug\Win32\BinomialOptionMultiGPU.obj
C:\Users\glaxy\Documents\AMD APP\samples\opencl\cl\app\BinomialOptionMultiGPU\Debug\Win32\BinomialOptionMultiGPU.write.1.tlog
C:\Users\glaxy\Documents\AMD APP\samples\opencl\cl\app\BinomialOptionMultiGPU\Debug\Win32\cl.command.1.tlog
C:\Users\glaxy\Documents\AMD APP\samples\opencl\cl\app\BinomialOptionMultiGPU\Debug\Win32\CL.read.1.tlog
C:\Users\glaxy\Documents\AMD APP\samples\opencl\cl\app\BinomialOptionMultiGPU\Debug\Win32\CL.write.1.tlog
C:\Users\glaxy\Documents\AMD APP\samples\opencl\cl\app\BinomialOptionMultiGPU\Debug\Win32\link-cvtres.read.1.tlog
C:\Users\glaxy\Documents\AMD APP\samples\opencl\cl\app\BinomialOptionMultiGPU\Debug\Win32\link-cvtres.write.1.tlog
C:\Users\glaxy\Documents\AMD APP\samples\opencl\cl\app\BinomialOptionMultiGPU\Debug\Win32\link-rc.read.1.tlog
C:\Users\glaxy\Documents\AMD APP\samples\opencl\cl\app\BinomialOptionMultiGPU\Debug\Win32\link-rc.write.1.tlog
C:\Users\glaxy\Documents\AMD APP\samples\opencl\cl\app\BinomialOptionMultiGPU\Debug\Win32\link.command.1.tlog
C:\Users\glaxy\Documents\AMD APP\samples\opencl\cl\app\BinomialOptionMultiGPU\Debug\Win32\link.read.1.tlog
C:\Users\glaxy\Documents\AMD APP\samples\opencl\cl\app\BinomialOptionMultiGPU\Debug\Win32\link.write.1.tlog
C:\Users\glaxy\Documents\AMD APP\samples\opencl\cl\app\BinomialOptionMultiGPU\Debug\Win32\vc110.idb
C:\Users\glaxy\Documents\AMD APP\samples\opencl\cl\app\BinomialOptionMultiGPU\Debug\Win32\BinomialOptionMultiGPU.pdb
C:\Users\glaxy\Documents\AMD APP\samples\opencl\cl\app\BinomialOptionMultiGPU\Debug\Win32\vc110.pdb
C:\Users\glaxy\Documents\AMD APP\\samples\opencl\bin\debug\x86\BinomialOptionMultiGPU.pdb
C:\Users\glaxy\Documents\AMD APP\\samples\opencl\bin\debug\x86\BinomialOptionMultiGPU.exe
C:\Users\glaxy\Documents\AMD APP\\samples\opencl\bin\debug\x86\BinomialOptionMultiGPU.ilk
