C:\USERS\GLAXY\DOCUMENTS\AMD APP\SAMPLES\OPENCL\CL\APP\SIMPLEDX10\DEBUG\WIN32\SIMPLEDX10.OBJ
C:\USERS\GLAXY\DOCUMENTS\AMD APP\SAMPLES\OPENCL\CL\APP\SIMPLEDX10\DEBUG\WIN32\VC110.PDB
C:\USERS\GLAXY\DOCUMENTS\AMD APP\SAMPLES\OPENCL\CL\APP\SIMPLEDX10\SIMPLEDX10.FXO
C:\USERS\GLAXY\DOCUMENTS\AMD APP\SAMPLES\OPENCL\BIN\DEBUG\X86\SIMPLEDX10.EXE
C:\USERS\GLAXY\DOCUMENTS\AMD APP\SAMPLES\OPENCL\CL\APP\SIMPLEDX10\DEBUG\WIN32\SIMPLEDX10.PDB
C:\Users\glaxy\Documents\AMD APP\samples\opencl\cl\app\SimpleDX10\Debug\Win32\SimpleDX10.obj
C:\Users\glaxy\Documents\AMD APP\samples\opencl\cl\app\SimpleDX10\Debug\Win32\cl.command.1.tlog
C:\Users\glaxy\Documents\AMD APP\samples\opencl\cl\app\SimpleDX10\Debug\Win32\CL.read.1.tlog
C:\Users\glaxy\Documents\AMD APP\samples\opencl\cl\app\SimpleDX10\Debug\Win32\CL.write.1.tlog
C:\Users\glaxy\Documents\AMD APP\samples\opencl\cl\app\SimpleDX10\Debug\Win32\custombuild.command.1.tlog
C:\Users\glaxy\Documents\AMD APP\samples\opencl\cl\app\SimpleDX10\Debug\Win32\custombuild.read.1.tlog
C:\Users\glaxy\Documents\AMD APP\samples\opencl\cl\app\SimpleDX10\Debug\Win32\custombuild.write.1.tlog
C:\Users\glaxy\Documents\AMD APP\samples\opencl\cl\app\SimpleDX10\Debug\Win32\link-cvtres.read.1.tlog
C:\Users\glaxy\Documents\AMD APP\samples\opencl\cl\app\SimpleDX10\Debug\Win32\link-cvtres.write.1.tlog
C:\Users\glaxy\Documents\AMD APP\samples\opencl\cl\app\SimpleDX10\Debug\Win32\link-rc.read.1.tlog
C:\Users\glaxy\Documents\AMD APP\samples\opencl\cl\app\SimpleDX10\Debug\Win32\link-rc.write.1.tlog
C:\Users\glaxy\Documents\AMD APP\samples\opencl\cl\app\SimpleDX10\Debug\Win32\link.command.1.tlog
C:\Users\glaxy\Documents\AMD APP\samples\opencl\cl\app\SimpleDX10\Debug\Win32\link.read.1.tlog
C:\Users\glaxy\Documents\AMD APP\samples\opencl\cl\app\SimpleDX10\Debug\Win32\link.write.1.tlog
C:\Users\glaxy\Documents\AMD APP\samples\opencl\cl\app\SimpleDX10\Debug\Win32\SimpleDX10.pdb
C:\Users\glaxy\Documents\AMD APP\samples\opencl\cl\app\SimpleDX10\Debug\Win32\vc110.pdb
C:\Users\glaxy\Documents\AMD APP\\samples\opencl\bin\debug\x86\SimpleDX10.pdb
C:\Users\glaxy\Documents\AMD APP\\samples\opencl\bin\debug\x86\SimpleDX10.exe
