C:\USERS\GLAXY\DOCUMENTS\AMD APP\SAMPLES\OPENCL\CPP_CL\APP\GAUSSIANNOISE\DEBUG\WIN32\GAUSSIANNOISE.OBJ
C:\USERS\GLAXY\DOCUMENTS\AMD APP\SAMPLES\OPENCL\CPP_CL\APP\GAUSSIANNOISE\DEBUG\WIN32\VC110.PDB
C:\USERS\GLAXY\DOCUMENTS\AMD APP\SAMPLES\OPENCL\BIN\DEBUG\X86\GAUSSIANNOISE.ILK
C:\USERS\GLAXY\DOCUMENTS\AMD APP\SAMPLES\OPENCL\BIN\DEBUG\X86\GAUSSIANNOISE.EXE
C:\USERS\GLAXY\DOCUMENTS\AMD APP\SAMPLES\OPENCL\CPP_CL\APP\GAUSSIANNOISE\DEBUG\WIN32\GAUSSIANNOISE.PDB
C:\Users\glaxy\Documents\AMD APP\samples\opencl\cpp_cl\app\GaussianNoise\Debug\Win32\GaussianNoise.obj
C:\Users\glaxy\Documents\AMD APP\samples\opencl\cpp_cl\app\GaussianNoise\Debug\Win32\cl.command.1.tlog
C:\Users\glaxy\Documents\AMD APP\samples\opencl\cpp_cl\app\GaussianNoise\Debug\Win32\CL.read.1.tlog
C:\Users\glaxy\Documents\AMD APP\samples\opencl\cpp_cl\app\GaussianNoise\Debug\Win32\CL.write.1.tlog
C:\Users\glaxy\Documents\AMD APP\samples\opencl\cpp_cl\app\GaussianNoise\Debug\Win32\link-cvtres.read.1.tlog
C:\Users\glaxy\Documents\AMD APP\samples\opencl\cpp_cl\app\GaussianNoise\Debug\Win32\link-cvtres.write.1.tlog
C:\Users\glaxy\Documents\AMD APP\samples\opencl\cpp_cl\app\GaussianNoise\Debug\Win32\link-rc.read.1.tlog
C:\Users\glaxy\Documents\AMD APP\samples\opencl\cpp_cl\app\GaussianNoise\Debug\Win32\link-rc.write.1.tlog
C:\Users\glaxy\Documents\AMD APP\samples\opencl\cpp_cl\app\GaussianNoise\Debug\Win32\link.command.1.tlog
C:\Users\glaxy\Documents\AMD APP\samples\opencl\cpp_cl\app\GaussianNoise\Debug\Win32\link.read.1.tlog
C:\Users\glaxy\Documents\AMD APP\samples\opencl\cpp_cl\app\GaussianNoise\Debug\Win32\link.write.1.tlog
C:\Users\glaxy\Documents\AMD APP\samples\opencl\cpp_cl\app\GaussianNoise\Debug\Win32\vc110.idb
C:\Users\glaxy\Documents\AMD APP\samples\opencl\cpp_cl\app\GaussianNoise\Debug\Win32\GaussianNoise.pdb
C:\Users\glaxy\Documents\AMD APP\samples\opencl\cpp_cl\app\GaussianNoise\Debug\Win32\vc110.pdb
C:\Users\glaxy\Documents\AMD APP\\samples\opencl\bin\debug\x86\GaussianNoise.pdb
C:\Users\glaxy\Documents\AMD APP\\samples\opencl\bin\debug\x86\GaussianNoise.exe
C:\Users\glaxy\Documents\AMD APP\\samples\opencl\bin\debug\x86\GaussianNoise.ilk
