C:\USERS\GLAXY\DOCUMENTS\AMD APP\SAMPLES\OPENCL\CL\APP\OPENCLSERVICE\DEBUG\OPENCLSERVICE.OBJ
C:\USERS\GLAXY\DOCUMENTS\AMD APP\SAMPLES\OPENCL\CL\APP\OPENCLSERVICE\DEBUG\VC110.PDB
C:\USERS\GLAXY\DOCUMENTS\AMD APP\SAMPLES\OPENCL\BIN\DEBUG\X86\OPENCLSERVICE.ILK
C:\USERS\GLAXY\DOCUMENTS\AMD APP\SAMPLES\OPENCL\BIN\DEBUG\X86\OPENCLSERVICE.EXE
C:\USERS\GLAXY\DOCUMENTS\AMD APP\SAMPLES\OPENCL\BIN\DEBUG\X86\OPENCLSERVICE.PDB
C:\Users\glaxy\Documents\AMD APP\samples\opencl\cl\app\OpenCLService\Debug\OpenCLService.obj
C:\Users\glaxy\Documents\AMD APP\samples\opencl\cl\app\OpenCLService\Debug\cl.command.1.tlog
C:\Users\glaxy\Documents\AMD APP\samples\opencl\cl\app\OpenCLService\Debug\CL.read.1.tlog
C:\Users\glaxy\Documents\AMD APP\samples\opencl\cl\app\OpenCLService\Debug\CL.write.1.tlog
C:\Users\glaxy\Documents\AMD APP\samples\opencl\cl\app\OpenCLService\Debug\link-cvtres.read.1.tlog
C:\Users\glaxy\Documents\AMD APP\samples\opencl\cl\app\OpenCLService\Debug\link-cvtres.write.1.tlog
C:\Users\glaxy\Documents\AMD APP\samples\opencl\cl\app\OpenCLService\Debug\link-rc.read.1.tlog
C:\Users\glaxy\Documents\AMD APP\samples\opencl\cl\app\OpenCLService\Debug\link-rc.write.1.tlog
C:\Users\glaxy\Documents\AMD APP\samples\opencl\cl\app\OpenCLService\Debug\link.command.1.tlog
C:\Users\glaxy\Documents\AMD APP\samples\opencl\cl\app\OpenCLService\Debug\link.read.1.tlog
C:\Users\glaxy\Documents\AMD APP\samples\opencl\cl\app\OpenCLService\Debug\link.write.1.tlog
C:\Users\glaxy\Documents\AMD APP\samples\opencl\cl\app\OpenCLService\Debug\vc110.idb
C:\Users\glaxy\Documents\AMD APP\samples\opencl\cl\app\OpenCLService\Debug\vc110.pdb
C:\Users\glaxy\Documents\AMD APP\\samples\opencl\bin\debug\x86\OpenCLService.pdb
C:\Users\glaxy\Documents\AMD APP\\samples\opencl\bin\debug\x86\OpenCLService.exe
C:\Users\glaxy\Documents\AMD APP\\samples\opencl\bin\debug\x86\OpenCLService.ilk
