C:\USERS\GLAXY\DOCUMENTS\AMD APP\SAMPLES\OPENCL\CL\APP\SIMPLEIMAGE\DEBUG\WIN32\SIMPLEIMAGE.OBJ
C:\USERS\GLAXY\DOCUMENTS\AMD APP\SAMPLES\OPENCL\CL\APP\SIMPLEIMAGE\DEBUG\WIN32\VC110.PDB
C:\USERS\GLAXY\DOCUMENTS\AMD APP\SAMPLES\OPENCL\BIN\DEBUG\X86\SIMPLEIMAGE.ILK
C:\USERS\GLAXY\DOCUMENTS\AMD APP\SAMPLES\OPENCL\BIN\DEBUG\X86\SIMPLEIMAGE.EXE
C:\USERS\GLAXY\DOCUMENTS\AMD APP\SAMPLES\OPENCL\CL\APP\SIMPLEIMAGE\DEBUG\WIN32\SIMPLEIMAGE.PDB
C:\Users\glaxy\Documents\AMD APP\samples\opencl\cl\app\SimpleImage\Debug\Win32\SimpleImage.obj
C:\Users\glaxy\Documents\AMD APP\samples\opencl\cl\app\SimpleImage\Debug\Win32\cl.command.1.tlog
C:\Users\glaxy\Documents\AMD APP\samples\opencl\cl\app\SimpleImage\Debug\Win32\CL.read.1.tlog
C:\Users\glaxy\Documents\AMD APP\samples\opencl\cl\app\SimpleImage\Debug\Win32\CL.write.1.tlog
C:\Users\glaxy\Documents\AMD APP\samples\opencl\cl\app\SimpleImage\Debug\Win32\link-cvtres.read.1.tlog
C:\Users\glaxy\Documents\AMD APP\samples\opencl\cl\app\SimpleImage\Debug\Win32\link-cvtres.write.1.tlog
C:\Users\glaxy\Documents\AMD APP\samples\opencl\cl\app\SimpleImage\Debug\Win32\link-rc.read.1.tlog
C:\Users\glaxy\Documents\AMD APP\samples\opencl\cl\app\SimpleImage\Debug\Win32\link-rc.write.1.tlog
C:\Users\glaxy\Documents\AMD APP\samples\opencl\cl\app\SimpleImage\Debug\Win32\link.command.1.tlog
C:\Users\glaxy\Documents\AMD APP\samples\opencl\cl\app\SimpleImage\Debug\Win32\link.read.1.tlog
C:\Users\glaxy\Documents\AMD APP\samples\opencl\cl\app\SimpleImage\Debug\Win32\link.write.1.tlog
C:\Users\glaxy\Documents\AMD APP\samples\opencl\cl\app\SimpleImage\Debug\Win32\vc110.idb
C:\Users\glaxy\Documents\AMD APP\samples\opencl\cl\app\SimpleImage\Debug\Win32\SimpleImage.pdb
C:\Users\glaxy\Documents\AMD APP\samples\opencl\cl\app\SimpleImage\Debug\Win32\vc110.pdb
C:\Users\glaxy\Documents\AMD APP\\samples\opencl\bin\debug\x86\SimpleImage.pdb
C:\Users\glaxy\Documents\AMD APP\\samples\opencl\bin\debug\x86\SimpleImage.exe
C:\Users\glaxy\Documents\AMD APP\\samples\opencl\bin\debug\x86\SimpleImage.ilk
