C:\USERS\GLAXY\DOCUMENTS\AMD APP\SAMPLES\OPENCL\CPP_CL\APP\MATRIXMULDOUBLE\DEBUG\WIN32\MATRIXMULDOUBLE.OBJ
C:\USERS\GLAXY\DOCUMENTS\AMD APP\SAMPLES\OPENCL\CPP_CL\APP\MATRIXMULDOUBLE\DEBUG\WIN32\VC110.PDB
C:\USERS\GLAXY\DOCUMENTS\AMD APP\SAMPLES\OPENCL\BIN\DEBUG\X86\MATRIXMULDOUBLE.ILK
C:\USERS\GLAXY\DOCUMENTS\AMD APP\SAMPLES\OPENCL\BIN\DEBUG\X86\MATRIXMULDOUBLE.EXE
C:\USERS\GLAXY\DOCUMENTS\AMD APP\SAMPLES\OPENCL\CPP_CL\APP\MATRIXMULDOUBLE\DEBUG\WIN32\MATRIXMULDOUBLE.PDB
C:\Users\glaxy\Documents\AMD APP\samples\opencl\cpp_cl\app\MatrixMulDouble\Debug\Win32\MatrixMulDouble.obj
C:\Users\glaxy\Documents\AMD APP\samples\opencl\cpp_cl\app\MatrixMulDouble\Debug\Win32\cl.command.1.tlog
C:\Users\glaxy\Documents\AMD APP\samples\opencl\cpp_cl\app\MatrixMulDouble\Debug\Win32\CL.read.1.tlog
C:\Users\glaxy\Documents\AMD APP\samples\opencl\cpp_cl\app\MatrixMulDouble\Debug\Win32\CL.write.1.tlog
C:\Users\glaxy\Documents\AMD APP\samples\opencl\cpp_cl\app\MatrixMulDouble\Debug\Win32\link-cvtres.read.1.tlog
C:\Users\glaxy\Documents\AMD APP\samples\opencl\cpp_cl\app\MatrixMulDouble\Debug\Win32\link-cvtres.write.1.tlog
C:\Users\glaxy\Documents\AMD APP\samples\opencl\cpp_cl\app\MatrixMulDouble\Debug\Win32\link-rc.read.1.tlog
C:\Users\glaxy\Documents\AMD APP\samples\opencl\cpp_cl\app\MatrixMulDouble\Debug\Win32\link-rc.write.1.tlog
C:\Users\glaxy\Documents\AMD APP\samples\opencl\cpp_cl\app\MatrixMulDouble\Debug\Win32\link.command.1.tlog
C:\Users\glaxy\Documents\AMD APP\samples\opencl\cpp_cl\app\MatrixMulDouble\Debug\Win32\link.read.1.tlog
C:\Users\glaxy\Documents\AMD APP\samples\opencl\cpp_cl\app\MatrixMulDouble\Debug\Win32\link.write.1.tlog
C:\Users\glaxy\Documents\AMD APP\samples\opencl\cpp_cl\app\MatrixMulDouble\Debug\Win32\vc110.idb
C:\Users\glaxy\Documents\AMD APP\samples\opencl\cpp_cl\app\MatrixMulDouble\Debug\Win32\MatrixMulDouble.pdb
C:\Users\glaxy\Documents\AMD APP\samples\opencl\cpp_cl\app\MatrixMulDouble\Debug\Win32\vc110.pdb
C:\Users\glaxy\Documents\AMD APP\\samples\opencl\bin\debug\x86\MatrixMulDouble.pdb
C:\Users\glaxy\Documents\AMD APP\\samples\opencl\bin\debug\x86\MatrixMulDouble.exe
C:\Users\glaxy\Documents\AMD APP\\samples\opencl\bin\debug\x86\MatrixMulDouble.ilk
