C:\USERS\GLAXY\DOCUMENTS\AMD APP\SAMPLES\OPENCL\CL\APP\ATOMICCOUNTERS\DEBUG\WIN32\ATOMICCOUNTERS.OBJ
C:\USERS\GLAXY\DOCUMENTS\AMD APP\SAMPLES\OPENCL\CL\APP\ATOMICCOUNTERS\DEBUG\WIN32\VC110.PDB
C:\USERS\GLAXY\DOCUMENTS\AMD APP\SAMPLES\OPENCL\BIN\DEBUG\X86\ATOMICCOUNTERS.ILK
C:\USERS\GLAXY\DOCUMENTS\AMD APP\SAMPLES\OPENCL\BIN\DEBUG\X86\ATOMICCOUNTERS.EXE
C:\USERS\GLAXY\DOCUMENTS\AMD APP\SAMPLES\OPENCL\CL\APP\ATOMICCOUNTERS\DEBUG\WIN32\ATOMICCOUNTERS.PDB
C:\Users\glaxy\Documents\AMD APP\samples\opencl\cl\app\AtomicCounters\Debug\Win32\AtomicCounters.obj
C:\Users\glaxy\Documents\AMD APP\samples\opencl\cl\app\AtomicCounters\Debug\Win32\cl.command.1.tlog
C:\Users\glaxy\Documents\AMD APP\samples\opencl\cl\app\AtomicCounters\Debug\Win32\CL.read.1.tlog
C:\Users\glaxy\Documents\AMD APP\samples\opencl\cl\app\AtomicCounters\Debug\Win32\CL.write.1.tlog
C:\Users\glaxy\Documents\AMD APP\samples\opencl\cl\app\AtomicCounters\Debug\Win32\link-cvtres.read.1.tlog
C:\Users\glaxy\Documents\AMD APP\samples\opencl\cl\app\AtomicCounters\Debug\Win32\link-cvtres.write.1.tlog
C:\Users\glaxy\Documents\AMD APP\samples\opencl\cl\app\AtomicCounters\Debug\Win32\link-rc.read.1.tlog
C:\Users\glaxy\Documents\AMD APP\samples\opencl\cl\app\AtomicCounters\Debug\Win32\link-rc.write.1.tlog
C:\Users\glaxy\Documents\AMD APP\samples\opencl\cl\app\AtomicCounters\Debug\Win32\link.command.1.tlog
C:\Users\glaxy\Documents\AMD APP\samples\opencl\cl\app\AtomicCounters\Debug\Win32\link.read.1.tlog
C:\Users\glaxy\Documents\AMD APP\samples\opencl\cl\app\AtomicCounters\Debug\Win32\link.write.1.tlog
C:\Users\glaxy\Documents\AMD APP\samples\opencl\cl\app\AtomicCounters\Debug\Win32\vc110.idb
C:\Users\glaxy\Documents\AMD APP\samples\opencl\cl\app\AtomicCounters\Debug\Win32\AtomicCounters.pdb
C:\Users\glaxy\Documents\AMD APP\samples\opencl\cl\app\AtomicCounters\Debug\Win32\vc110.pdb
C:\Users\glaxy\Documents\AMD APP\\samples\opencl\bin\debug\x86\AtomicCounters.pdb
C:\Users\glaxy\Documents\AMD APP\\samples\opencl\bin\debug\x86\AtomicCounters.exe
C:\Users\glaxy\Documents\AMD APP\\samples\opencl\bin\debug\x86\AtomicCounters.ilk
