C:\USERS\GLAXY\DOCUMENTS\AMD APP\SAMPLES\OPENCL\CPP_CL\APP\HDRTONEMAPPING\DEBUG\WIN32\HDRTONEMAPPING.OBJ
C:\USERS\GLAXY\DOCUMENTS\AMD APP\SAMPLES\OPENCL\CPP_CL\APP\HDRTONEMAPPING\DEBUG\WIN32\VC110.PDB
C:\USERS\GLAXY\DOCUMENTS\AMD APP\SAMPLES\OPENCL\BIN\DEBUG\X86\HDRTONEMAPPING.ILK
C:\USERS\GLAXY\DOCUMENTS\AMD APP\SAMPLES\OPENCL\BIN\DEBUG\X86\HDRTONEMAPPING.EXE
C:\USERS\GLAXY\DOCUMENTS\AMD APP\SAMPLES\OPENCL\CPP_CL\APP\HDRTONEMAPPING\DEBUG\WIN32\HDRTONEMAPPING.PDB
C:\Users\glaxy\Documents\AMD APP\samples\opencl\cpp_cl\app\HDRToneMapping\Debug\Win32\HDRToneMapping.obj
C:\Users\glaxy\Documents\AMD APP\samples\opencl\cpp_cl\app\HDRToneMapping\Debug\Win32\cl.command.1.tlog
C:\Users\glaxy\Documents\AMD APP\samples\opencl\cpp_cl\app\HDRToneMapping\Debug\Win32\CL.read.1.tlog
C:\Users\glaxy\Documents\AMD APP\samples\opencl\cpp_cl\app\HDRToneMapping\Debug\Win32\CL.write.1.tlog
C:\Users\glaxy\Documents\AMD APP\samples\opencl\cpp_cl\app\HDRToneMapping\Debug\Win32\link-cvtres.read.1.tlog
C:\Users\glaxy\Documents\AMD APP\samples\opencl\cpp_cl\app\HDRToneMapping\Debug\Win32\link-cvtres.write.1.tlog
C:\Users\glaxy\Documents\AMD APP\samples\opencl\cpp_cl\app\HDRToneMapping\Debug\Win32\link-rc.read.1.tlog
C:\Users\glaxy\Documents\AMD APP\samples\opencl\cpp_cl\app\HDRToneMapping\Debug\Win32\link-rc.write.1.tlog
C:\Users\glaxy\Documents\AMD APP\samples\opencl\cpp_cl\app\HDRToneMapping\Debug\Win32\link.command.1.tlog
C:\Users\glaxy\Documents\AMD APP\samples\opencl\cpp_cl\app\HDRToneMapping\Debug\Win32\link.read.1.tlog
C:\Users\glaxy\Documents\AMD APP\samples\opencl\cpp_cl\app\HDRToneMapping\Debug\Win32\link.write.1.tlog
C:\Users\glaxy\Documents\AMD APP\samples\opencl\cpp_cl\app\HDRToneMapping\Debug\Win32\vc110.idb
C:\Users\glaxy\Documents\AMD APP\samples\opencl\cpp_cl\app\HDRToneMapping\Debug\Win32\HDRToneMapping.pdb
C:\Users\glaxy\Documents\AMD APP\samples\opencl\cpp_cl\app\HDRToneMapping\Debug\Win32\vc110.pdb
C:\Users\glaxy\Documents\AMD APP\\samples\opencl\bin\debug\x86\HDRToneMapping.pdb
C:\Users\glaxy\Documents\AMD APP\\samples\opencl\bin\debug\x86\HDRToneMapping.exe
C:\Users\glaxy\Documents\AMD APP\\samples\opencl\bin\debug\x86\HDRToneMapping.ilk
