C:\USERS\GLAXY\DOCUMENTS\AMD APP\SAMPLES\OPENCL\CL\APP\MEMORYMODEL\DEBUG\MEMORYMODEL.OBJ
C:\USERS\GLAXY\DOCUMENTS\AMD APP\SAMPLES\OPENCL\CL\APP\MEMORYMODEL\DEBUG\VC110.PDB
C:\USERS\GLAXY\DOCUMENTS\AMD APP\SAMPLES\OPENCL\BIN\DEBUG\X86\MEMORYMODEL.ILK
C:\USERS\GLAXY\DOCUMENTS\AMD APP\SAMPLES\OPENCL\BIN\DEBUG\X86\MEMORYMODEL.EXE
C:\USERS\GLAXY\DOCUMENTS\AMD APP\SAMPLES\OPENCL\BIN\DEBUG\X86\MEMORYMODEL.PDB
C:\Users\glaxy\Documents\AMD APP\samples\opencl\cl\app\MemoryModel\Debug\MemoryModel.obj
C:\Users\glaxy\Documents\AMD APP\samples\opencl\cl\app\MemoryModel\Debug\cl.command.1.tlog
C:\Users\glaxy\Documents\AMD APP\samples\opencl\cl\app\MemoryModel\Debug\CL.read.1.tlog
C:\Users\glaxy\Documents\AMD APP\samples\opencl\cl\app\MemoryModel\Debug\CL.write.1.tlog
C:\Users\glaxy\Documents\AMD APP\samples\opencl\cl\app\MemoryModel\Debug\link-cvtres.read.1.tlog
C:\Users\glaxy\Documents\AMD APP\samples\opencl\cl\app\MemoryModel\Debug\link-cvtres.write.1.tlog
C:\Users\glaxy\Documents\AMD APP\samples\opencl\cl\app\MemoryModel\Debug\link-rc.read.1.tlog
C:\Users\glaxy\Documents\AMD APP\samples\opencl\cl\app\MemoryModel\Debug\link-rc.write.1.tlog
C:\Users\glaxy\Documents\AMD APP\samples\opencl\cl\app\MemoryModel\Debug\link.command.1.tlog
C:\Users\glaxy\Documents\AMD APP\samples\opencl\cl\app\MemoryModel\Debug\link.read.1.tlog
C:\Users\glaxy\Documents\AMD APP\samples\opencl\cl\app\MemoryModel\Debug\link.write.1.tlog
C:\Users\glaxy\Documents\AMD APP\samples\opencl\cl\app\MemoryModel\Debug\vc110.idb
C:\Users\glaxy\Documents\AMD APP\samples\opencl\cl\app\MemoryModel\Debug\vc110.pdb
C:\Users\glaxy\Documents\AMD APP\\samples\opencl\bin\debug\x86\MemoryModel.pdb
C:\Users\glaxy\Documents\AMD APP\\samples\opencl\bin\debug\x86\MemoryModel.exe
C:\Users\glaxy\Documents\AMD APP\\samples\opencl\bin\debug\x86\MemoryModel.ilk
