C:\USERS\GLAXY\DOCUMENTS\AMD APP\SAMPLES\OPENCL\CL\APP\QUASIRANDOMSEQUENCE\DEBUG\WIN32\SOBOLPRIMITIVES.OBJ
C:\USERS\GLAXY\DOCUMENTS\AMD APP\SAMPLES\OPENCL\CL\APP\QUASIRANDOMSEQUENCE\DEBUG\WIN32\QUASIRANDOMSEQUENCE.OBJ
C:\USERS\GLAXY\DOCUMENTS\AMD APP\SAMPLES\OPENCL\CL\APP\QUASIRANDOMSEQUENCE\DEBUG\WIN32\VC110.PDB
C:\USERS\GLAXY\DOCUMENTS\AMD APP\SAMPLES\OPENCL\BIN\DEBUG\X86\QUASIRANDOMSEQUENCE.ILK
C:\USERS\GLAXY\DOCUMENTS\AMD APP\SAMPLES\OPENCL\BIN\DEBUG\X86\QUASIRANDOMSEQUENCE.EXE
C:\USERS\GLAXY\DOCUMENTS\AMD APP\SAMPLES\OPENCL\CL\APP\QUASIRANDOMSEQUENCE\DEBUG\WIN32\QUASIRANDOMSEQUENCE.PDB
C:\Users\glaxy\Documents\AMD APP\samples\opencl\cl\app\QuasiRandomSequence\Debug\Win32\QuasiRandomSequence.obj
C:\Users\glaxy\Documents\AMD APP\samples\opencl\cl\app\QuasiRandomSequence\Debug\Win32\SobolPrimitives.obj
C:\Users\glaxy\Documents\AMD APP\samples\opencl\cl\app\QuasiRandomSequence\Debug\Win32\cl.command.1.tlog
C:\Users\glaxy\Documents\AMD APP\samples\opencl\cl\app\QuasiRandomSequence\Debug\Win32\CL.read.1.tlog
C:\Users\glaxy\Documents\AMD APP\samples\opencl\cl\app\QuasiRandomSequence\Debug\Win32\CL.write.1.tlog
C:\Users\glaxy\Documents\AMD APP\samples\opencl\cl\app\QuasiRandomSequence\Debug\Win32\link-cvtres.read.1.tlog
C:\Users\glaxy\Documents\AMD APP\samples\opencl\cl\app\QuasiRandomSequence\Debug\Win32\link-cvtres.write.1.tlog
C:\Users\glaxy\Documents\AMD APP\samples\opencl\cl\app\QuasiRandomSequence\Debug\Win32\link-rc.read.1.tlog
C:\Users\glaxy\Documents\AMD APP\samples\opencl\cl\app\QuasiRandomSequence\Debug\Win32\link-rc.write.1.tlog
C:\Users\glaxy\Documents\AMD APP\samples\opencl\cl\app\QuasiRandomSequence\Debug\Win32\link.command.1.tlog
C:\Users\glaxy\Documents\AMD APP\samples\opencl\cl\app\QuasiRandomSequence\Debug\Win32\link.read.1.tlog
C:\Users\glaxy\Documents\AMD APP\samples\opencl\cl\app\QuasiRandomSequence\Debug\Win32\link.write.1.tlog
C:\Users\glaxy\Documents\AMD APP\samples\opencl\cl\app\QuasiRandomSequence\Debug\Win32\vc110.idb
C:\Users\glaxy\Documents\AMD APP\samples\opencl\cl\app\QuasiRandomSequence\Debug\Win32\QuasiRandomSequence.pdb
C:\Users\glaxy\Documents\AMD APP\samples\opencl\cl\app\QuasiRandomSequence\Debug\Win32\vc110.pdb
C:\Users\glaxy\Documents\AMD APP\\samples\opencl\bin\debug\x86\QuasiRandomSequence.pdb
C:\Users\glaxy\Documents\AMD APP\\samples\opencl\bin\debug\x86\QuasiRandomSequence.exe
C:\Users\glaxy\Documents\AMD APP\\samples\opencl\bin\debug\x86\QuasiRandomSequence.ilk
