C:\USERS\GLAXY\DOCUMENTS\AMD APP\SAMPLES\OPENCL\CL\APP\HELLOWORLD\DEBUG\HELLOWORLD.OBJ
C:\USERS\GLAXY\DOCUMENTS\AMD APP\SAMPLES\OPENCL\CL\APP\HELLOWORLD\DEBUG\VC110.PDB
C:\USERS\GLAXY\DOCUMENTS\AMD APP\SAMPLES\OPENCL\BIN\DEBUG\X86\HELLOWORLD.ILK
C:\USERS\GLAXY\DOCUMENTS\AMD APP\SAMPLES\OPENCL\BIN\DEBUG\X86\HELLOWORLD.EXE
C:\USERS\GLAXY\DOCUMENTS\AMD APP\SAMPLES\OPENCL\BIN\DEBUG\X86\HELLOWORLD.PDB
C:\Users\glaxy\Documents\AMD APP\samples\opencl\cl\app\HelloWorld\Debug\HelloWorld.obj
C:\Users\glaxy\Documents\AMD APP\samples\opencl\cl\app\HelloWorld\Debug\cl.command.1.tlog
C:\Users\glaxy\Documents\AMD APP\samples\opencl\cl\app\HelloWorld\Debug\CL.read.1.tlog
C:\Users\glaxy\Documents\AMD APP\samples\opencl\cl\app\HelloWorld\Debug\CL.write.1.tlog
C:\Users\glaxy\Documents\AMD APP\samples\opencl\cl\app\HelloWorld\Debug\link-cvtres.read.1.tlog
C:\Users\glaxy\Documents\AMD APP\samples\opencl\cl\app\HelloWorld\Debug\link-cvtres.write.1.tlog
C:\Users\glaxy\Documents\AMD APP\samples\opencl\cl\app\HelloWorld\Debug\link-rc.read.1.tlog
C:\Users\glaxy\Documents\AMD APP\samples\opencl\cl\app\HelloWorld\Debug\link-rc.write.1.tlog
C:\Users\glaxy\Documents\AMD APP\samples\opencl\cl\app\HelloWorld\Debug\link.command.1.tlog
C:\Users\glaxy\Documents\AMD APP\samples\opencl\cl\app\HelloWorld\Debug\link.read.1.tlog
C:\Users\glaxy\Documents\AMD APP\samples\opencl\cl\app\HelloWorld\Debug\link.write.1.tlog
C:\Users\glaxy\Documents\AMD APP\samples\opencl\cl\app\HelloWorld\Debug\vc110.idb
C:\Users\glaxy\Documents\AMD APP\samples\opencl\cl\app\HelloWorld\Debug\vc110.pdb
C:\Users\glaxy\Documents\AMD APP\\samples\opencl\bin\debug\x86\HelloWorld.pdb
C:\Users\glaxy\Documents\AMD APP\\samples\opencl\bin\debug\x86\HelloWorld.exe
C:\Users\glaxy\Documents\AMD APP\\samples\opencl\bin\debug\x86\HelloWorld.ilk
