C:\USERS\GLAXY\DOCUMENTS\AMD APP\SAMPLES\OPENCL\CL\APP\DWTHAAR1D\DEBUG\WIN32\DWTHAAR1D.OBJ
C:\USERS\GLAXY\DOCUMENTS\AMD APP\SAMPLES\OPENCL\CL\APP\DWTHAAR1D\DEBUG\WIN32\VC110.PDB
C:\USERS\GLAXY\DOCUMENTS\AMD APP\SAMPLES\OPENCL\BIN\DEBUG\X86\DWTHAAR1D.ILK
C:\USERS\GLAXY\DOCUMENTS\AMD APP\SAMPLES\OPENCL\BIN\DEBUG\X86\DWTHAAR1D.EXE
C:\USERS\GLAXY\DOCUMENTS\AMD APP\SAMPLES\OPENCL\CL\APP\DWTHAAR1D\DEBUG\WIN32\DWTHAAR1D.PDB
C:\Users\glaxy\Documents\AMD APP\samples\opencl\cl\app\DwtHaar1D\Debug\Win32\DwtHaar1D.obj
C:\Users\glaxy\Documents\AMD APP\samples\opencl\cl\app\DwtHaar1D\Debug\Win32\cl.command.1.tlog
C:\Users\glaxy\Documents\AMD APP\samples\opencl\cl\app\DwtHaar1D\Debug\Win32\CL.read.1.tlog
C:\Users\glaxy\Documents\AMD APP\samples\opencl\cl\app\DwtHaar1D\Debug\Win32\CL.write.1.tlog
C:\Users\glaxy\Documents\AMD APP\samples\opencl\cl\app\DwtHaar1D\Debug\Win32\link-cvtres.read.1.tlog
C:\Users\glaxy\Documents\AMD APP\samples\opencl\cl\app\DwtHaar1D\Debug\Win32\link-cvtres.write.1.tlog
C:\Users\glaxy\Documents\AMD APP\samples\opencl\cl\app\DwtHaar1D\Debug\Win32\link-rc.read.1.tlog
C:\Users\glaxy\Documents\AMD APP\samples\opencl\cl\app\DwtHaar1D\Debug\Win32\link-rc.write.1.tlog
C:\Users\glaxy\Documents\AMD APP\samples\opencl\cl\app\DwtHaar1D\Debug\Win32\link.command.1.tlog
C:\Users\glaxy\Documents\AMD APP\samples\opencl\cl\app\DwtHaar1D\Debug\Win32\link.read.1.tlog
C:\Users\glaxy\Documents\AMD APP\samples\opencl\cl\app\DwtHaar1D\Debug\Win32\link.write.1.tlog
C:\Users\glaxy\Documents\AMD APP\samples\opencl\cl\app\DwtHaar1D\Debug\Win32\vc110.idb
C:\Users\glaxy\Documents\AMD APP\samples\opencl\cl\app\DwtHaar1D\Debug\Win32\DwtHaar1D.pdb
C:\Users\glaxy\Documents\AMD APP\samples\opencl\cl\app\DwtHaar1D\Debug\Win32\vc110.pdb
C:\Users\glaxy\Documents\AMD APP\\samples\opencl\bin\debug\x86\DwtHaar1D.pdb
C:\Users\glaxy\Documents\AMD APP\\samples\opencl\bin\debug\x86\DwtHaar1D.exe
C:\Users\glaxy\Documents\AMD APP\\samples\opencl\bin\debug\x86\DwtHaar1D.ilk
