C:\USERS\GLAXY\DOCUMENTS\AMD APP\SAMPLES\OPENCL\CPP_CL\APP\SOAVERSUSAOS\DEBUG\WIN32\SOAVERSUSAOS.OBJ
C:\USERS\GLAXY\DOCUMENTS\AMD APP\SAMPLES\OPENCL\CPP_CL\APP\SOAVERSUSAOS\DEBUG\WIN32\VC110.PDB
C:\USERS\GLAXY\DOCUMENTS\AMD APP\SAMPLES\OPENCL\BIN\DEBUG\X86\SOAVERSUSAOS.ILK
C:\USERS\GLAXY\DOCUMENTS\AMD APP\SAMPLES\OPENCL\BIN\DEBUG\X86\SOAVERSUSAOS.EXE
C:\USERS\GLAXY\DOCUMENTS\AMD APP\SAMPLES\OPENCL\CPP_CL\APP\SOAVERSUSAOS\DEBUG\WIN32\SOAVERSUSAOS.EXE.INTERMEDIATE.MANIFEST
C:\USERS\GLAXY\DOCUMENTS\AMD APP\SAMPLES\OPENCL\CPP_CL\APP\SOAVERSUSAOS\DEBUG\WIN32\SOAVERSUSAOS.PDB
C:\USERS\GLAXY\DOCUMENTS\AMD APP\SAMPLES\OPENCL\BIN\DEBUG\X86\SOAVERSUSAOS.EXE.EMBED.MANIFEST
C:\Users\glaxy\Documents\AMD APP\samples\opencl\cpp_cl\app\SoAversusAoS\Debug\Win32\SoAversusAoS.obj
C:\Users\glaxy\Documents\AMD APP\samples\opencl\cpp_cl\app\SoAversusAoS\Debug\Win32\cl.command.1.tlog
C:\Users\glaxy\Documents\AMD APP\samples\opencl\cpp_cl\app\SoAversusAoS\Debug\Win32\CL.read.1.tlog
C:\Users\glaxy\Documents\AMD APP\samples\opencl\cpp_cl\app\SoAversusAoS\Debug\Win32\CL.write.1.tlog
C:\Users\glaxy\Documents\AMD APP\samples\opencl\cpp_cl\app\SoAversusAoS\Debug\Win32\link.command.1.tlog
C:\Users\glaxy\Documents\AMD APP\samples\opencl\cpp_cl\app\SoAversusAoS\Debug\Win32\link.read.1.tlog
C:\Users\glaxy\Documents\AMD APP\samples\opencl\cpp_cl\app\SoAversusAoS\Debug\Win32\link.write.1.tlog
C:\Users\glaxy\Documents\AMD APP\samples\opencl\cpp_cl\app\SoAversusAoS\Debug\Win32\mt.command.1.tlog
C:\Users\glaxy\Documents\AMD APP\samples\opencl\cpp_cl\app\SoAversusAoS\Debug\Win32\mt.read.1.tlog
C:\Users\glaxy\Documents\AMD APP\samples\opencl\cpp_cl\app\SoAversusAoS\Debug\Win32\mt.write.1.tlog
C:\Users\glaxy\Documents\AMD APP\samples\opencl\cpp_cl\app\SoAversusAoS\Debug\Win32\SoAversusAoS.exe.intermediate.manifest
C:\Users\glaxy\Documents\AMD APP\samples\opencl\cpp_cl\app\SoAversusAoS\Debug\Win32\vc110.idb
C:\Users\glaxy\Documents\AMD APP\samples\opencl\cpp_cl\app\SoAversusAoS\Debug\Win32\SoAversusAoS.pdb
C:\Users\glaxy\Documents\AMD APP\samples\opencl\cpp_cl\app\SoAversusAoS\Debug\Win32\vc110.pdb
C:\Users\glaxy\Documents\AMD APP\\samples\opencl\bin\debug\x86\SoAversusAoS.pdb
C:\Users\glaxy\Documents\AMD APP\\samples\opencl\bin\debug\x86\SoAversusAoS.exe
C:\Users\glaxy\Documents\AMD APP\\samples\opencl\bin\debug\x86\SoAversusAoS.ilk
