C:\USERS\GLAXY\DOCUMENTS\AMD APP\SAMPLES\OPENCL\CL\APP\SIMPLEDX11\DEBUG\WIN32\SIMPLEDX11.OBJ
C:\USERS\GLAXY\DOCUMENTS\AMD APP\SAMPLES\OPENCL\CL\APP\SIMPLEDX11\DEBUG\WIN32\BASICREADER.OBJ
C:\USERS\GLAXY\DOCUMENTS\AMD APP\SAMPLES\OPENCL\CL\APP\SIMPLEDX11\DEBUG\WIN32\VC110.PDB
C:\USERS\GLAXY\DOCUMENTS\AMD APP\SAMPLES\OPENCL\CL\APP\SIMPLEDX11\SIMPLEDX11PIXELSHADER.CSO
C:\USERS\GLAXY\DOCUMENTS\AMD APP\SAMPLES\OPENCL\CL\APP\SIMPLEDX11\SIMPLEDX11VERTEXSHADER.CSO
C:\USERS\GLAXY\DOCUMENTS\AMD APP\SAMPLES\OPENCL\BIN\DEBUG\X86\SIMPLEDX11.EXE
C:\USERS\GLAXY\DOCUMENTS\AMD APP\SAMPLES\OPENCL\CL\APP\SIMPLEDX11\DEBUG\WIN32\SIMPLEDX11.EXE.INTERMEDIATE.MANIFEST
C:\USERS\GLAXY\DOCUMENTS\AMD APP\SAMPLES\OPENCL\CL\APP\SIMPLEDX11\DEBUG\WIN32\SIMPLEDX11.PDB
C:\USERS\GLAXY\DOCUMENTS\AMD APP\SAMPLES\OPENCL\BIN\DEBUG\X86\SIMPLEDX11.EXE.EMBED.MANIFEST
C:\Users\glaxy\Documents\AMD APP\samples\opencl\cl\app\SimpleDX11\Debug\Win32\BasicReader.obj
C:\Users\glaxy\Documents\AMD APP\samples\opencl\cl\app\SimpleDX11\Debug\Win32\SimpleDX11.obj
C:\Users\glaxy\Documents\AMD APP\samples\opencl\cl\app\SimpleDX11\Debug\Win32\cl.command.1.tlog
C:\Users\glaxy\Documents\AMD APP\samples\opencl\cl\app\SimpleDX11\Debug\Win32\CL.read.1.tlog
C:\Users\glaxy\Documents\AMD APP\samples\opencl\cl\app\SimpleDX11\Debug\Win32\CL.write.1.tlog
C:\Users\glaxy\Documents\AMD APP\samples\opencl\cl\app\SimpleDX11\Debug\Win32\custombuild.command.1.tlog
C:\Users\glaxy\Documents\AMD APP\samples\opencl\cl\app\SimpleDX11\Debug\Win32\custombuild.read.1.tlog
C:\Users\glaxy\Documents\AMD APP\samples\opencl\cl\app\SimpleDX11\Debug\Win32\custombuild.write.1.tlog
C:\Users\glaxy\Documents\AMD APP\samples\opencl\cl\app\SimpleDX11\Debug\Win32\link.command.1.tlog
C:\Users\glaxy\Documents\AMD APP\samples\opencl\cl\app\SimpleDX11\Debug\Win32\link.read.1.tlog
C:\Users\glaxy\Documents\AMD APP\samples\opencl\cl\app\SimpleDX11\Debug\Win32\link.write.1.tlog
C:\Users\glaxy\Documents\AMD APP\samples\opencl\cl\app\SimpleDX11\Debug\Win32\mt.command.1.tlog
C:\Users\glaxy\Documents\AMD APP\samples\opencl\cl\app\SimpleDX11\Debug\Win32\mt.read.1.tlog
C:\Users\glaxy\Documents\AMD APP\samples\opencl\cl\app\SimpleDX11\Debug\Win32\mt.write.1.tlog
C:\Users\glaxy\Documents\AMD APP\samples\opencl\cl\app\SimpleDX11\Debug\Win32\SimpleDX11.exe.intermediate.manifest
C:\Users\glaxy\Documents\AMD APP\samples\opencl\cl\app\SimpleDX11\Debug\Win32\SimpleDX11.pdb
C:\Users\glaxy\Documents\AMD APP\samples\opencl\cl\app\SimpleDX11\Debug\Win32\vc110.pdb
C:\Users\glaxy\Documents\AMD APP\\samples\opencl\bin\debug\x86\SimpleDX11.pdb
C:\Users\glaxy\Documents\AMD APP\\samples\opencl\bin\debug\x86\SimpleDX11.exe
