C:\USERS\GLAXY\DOCUMENTS\AMD APP\SAMPLES\OPENCL\CL\APP\IMAGEBANDWIDTH\DEBUG\WIN32\TIMER.OBJ
C:\USERS\GLAXY\DOCUMENTS\AMD APP\SAMPLES\OPENCL\CL\APP\IMAGEBANDWIDTH\DEBUG\WIN32\SHARED.OBJ
C:\USERS\GLAXY\DOCUMENTS\AMD APP\SAMPLES\OPENCL\CL\APP\IMAGEBANDWIDTH\DEBUG\WIN32\LOG.OBJ
C:\USERS\GLAXY\DOCUMENTS\AMD APP\SAMPLES\OPENCL\CL\APP\IMAGEBANDWIDTH\DEBUG\WIN32\HOST.OBJ
C:\USERS\GLAXY\DOCUMENTS\AMD APP\SAMPLES\OPENCL\CL\APP\IMAGEBANDWIDTH\DEBUG\WIN32\IMAGEBANDWIDTH.OBJ
C:\USERS\GLAXY\DOCUMENTS\AMD APP\SAMPLES\OPENCL\CL\APP\IMAGEBANDWIDTH\DEBUG\WIN32\VC110.PDB
C:\USERS\GLAXY\DOCUMENTS\AMD APP\SAMPLES\OPENCL\BIN\DEBUG\X86\IMAGEBANDWIDTH.ILK
C:\USERS\GLAXY\DOCUMENTS\AMD APP\SAMPLES\OPENCL\BIN\DEBUG\X86\IMAGEBANDWIDTH.EXE
C:\USERS\GLAXY\DOCUMENTS\AMD APP\SAMPLES\OPENCL\CL\APP\IMAGEBANDWIDTH\DEBUG\WIN32\IMAGEBANDWIDTH.PDB
C:\Users\glaxy\Documents\AMD APP\samples\opencl\cl\app\ImageBandwidth\Debug\Win32\Host.obj
C:\Users\glaxy\Documents\AMD APP\samples\opencl\cl\app\ImageBandwidth\Debug\Win32\ImageBandwidth.obj
C:\Users\glaxy\Documents\AMD APP\samples\opencl\cl\app\ImageBandwidth\Debug\Win32\Log.obj
C:\Users\glaxy\Documents\AMD APP\samples\opencl\cl\app\ImageBandwidth\Debug\Win32\Shared.obj
C:\Users\glaxy\Documents\AMD APP\samples\opencl\cl\app\ImageBandwidth\Debug\Win32\Timer.obj
C:\Users\glaxy\Documents\AMD APP\samples\opencl\cl\app\ImageBandwidth\Debug\Win32\cl.command.1.tlog
C:\Users\glaxy\Documents\AMD APP\samples\opencl\cl\app\ImageBandwidth\Debug\Win32\CL.read.1.tlog
C:\Users\glaxy\Documents\AMD APP\samples\opencl\cl\app\ImageBandwidth\Debug\Win32\CL.write.1.tlog
C:\Users\glaxy\Documents\AMD APP\samples\opencl\cl\app\ImageBandwidth\Debug\Win32\link-cvtres.read.1.tlog
C:\Users\glaxy\Documents\AMD APP\samples\opencl\cl\app\ImageBandwidth\Debug\Win32\link-cvtres.write.1.tlog
C:\Users\glaxy\Documents\AMD APP\samples\opencl\cl\app\ImageBandwidth\Debug\Win32\link-rc.read.1.tlog
C:\Users\glaxy\Documents\AMD APP\samples\opencl\cl\app\ImageBandwidth\Debug\Win32\link-rc.write.1.tlog
C:\Users\glaxy\Documents\AMD APP\samples\opencl\cl\app\ImageBandwidth\Debug\Win32\link.command.1.tlog
C:\Users\glaxy\Documents\AMD APP\samples\opencl\cl\app\ImageBandwidth\Debug\Win32\link.read.1.tlog
C:\Users\glaxy\Documents\AMD APP\samples\opencl\cl\app\ImageBandwidth\Debug\Win32\link.write.1.tlog
C:\Users\glaxy\Documents\AMD APP\samples\opencl\cl\app\ImageBandwidth\Debug\Win32\vc110.idb
C:\Users\glaxy\Documents\AMD APP\samples\opencl\cl\app\ImageBandwidth\Debug\Win32\ImageBandwidth.pdb
C:\Users\glaxy\Documents\AMD APP\samples\opencl\cl\app\ImageBandwidth\Debug\Win32\vc110.pdb
C:\Users\glaxy\Documents\AMD APP\\samples\opencl\bin\debug\x86\ImageBandwidth.pdb
C:\Users\glaxy\Documents\AMD APP\\samples\opencl\bin\debug\x86\ImageBandwidth.exe
C:\Users\glaxy\Documents\AMD APP\\samples\opencl\bin\debug\x86\ImageBandwidth.ilk
