C:\USERS\GLAXY\DOCUMENTS\AMD APP\SAMPLES\OPENCL\CPP_CL\APP\MATRIXMULTIPLICATIONCPPKERNEL\DEBUG\WIN32\MATRIXMULTIPLICATIONCPPKERNEL.OBJ
C:\USERS\GLAXY\DOCUMENTS\AMD APP\SAMPLES\OPENCL\CPP_CL\APP\MATRIXMULTIPLICATIONCPPKERNEL\DEBUG\WIN32\VC110.PDB
C:\USERS\GLAXY\DOCUMENTS\AMD APP\SAMPLES\OPENCL\BIN\DEBUG\X86\MATRIXMULTIPLICATIONCPPKERNEL.ILK
C:\USERS\GLAXY\DOCUMENTS\AMD APP\SAMPLES\OPENCL\BIN\DEBUG\X86\MATRIXMULTIPLICATIONCPPKERNEL.EXE
C:\USERS\GLAXY\DOCUMENTS\AMD APP\SAMPLES\OPENCL\CPP_CL\APP\MATRIXMULTIPLICATIONCPPKERNEL\DEBUG\WIN32\MATRIXMULTIPLICATIONCPPKERNEL.PDB
C:\Users\glaxy\Documents\AMD APP\samples\opencl\cpp_cl\app\MatrixMultiplicationCPPKernel\Debug\Win32\MatrixMultiplicationCPPKernel.obj
C:\Users\glaxy\Documents\AMD APP\samples\opencl\cpp_cl\app\MatrixMultiplicationCPPKernel\Debug\Win32\cl.command.1.tlog
C:\Users\glaxy\Documents\AMD APP\samples\opencl\cpp_cl\app\MatrixMultiplicationCPPKernel\Debug\Win32\CL.read.1.tlog
C:\Users\glaxy\Documents\AMD APP\samples\opencl\cpp_cl\app\MatrixMultiplicationCPPKernel\Debug\Win32\CL.write.1.tlog
C:\Users\glaxy\Documents\AMD APP\samples\opencl\cpp_cl\app\MatrixMultiplicationCPPKernel\Debug\Win32\link-cvtres.read.1.tlog
C:\Users\glaxy\Documents\AMD APP\samples\opencl\cpp_cl\app\MatrixMultiplicationCPPKernel\Debug\Win32\link-cvtres.write.1.tlog
C:\Users\glaxy\Documents\AMD APP\samples\opencl\cpp_cl\app\MatrixMultiplicationCPPKernel\Debug\Win32\link-rc.read.1.tlog
C:\Users\glaxy\Documents\AMD APP\samples\opencl\cpp_cl\app\MatrixMultiplicationCPPKernel\Debug\Win32\link-rc.write.1.tlog
C:\Users\glaxy\Documents\AMD APP\samples\opencl\cpp_cl\app\MatrixMultiplicationCPPKernel\Debug\Win32\link.command.1.tlog
C:\Users\glaxy\Documents\AMD APP\samples\opencl\cpp_cl\app\MatrixMultiplicationCPPKernel\Debug\Win32\link.read.1.tlog
C:\Users\glaxy\Documents\AMD APP\samples\opencl\cpp_cl\app\MatrixMultiplicationCPPKernel\Debug\Win32\link.write.1.tlog
C:\Users\glaxy\Documents\AMD APP\samples\opencl\cpp_cl\app\MatrixMultiplicationCPPKernel\Debug\Win32\vc110.idb
C:\Users\glaxy\Documents\AMD APP\samples\opencl\cpp_cl\app\MatrixMultiplicationCPPKernel\Debug\Win32\MatrixMultiplicationCPPKernel.pdb
C:\Users\glaxy\Documents\AMD APP\samples\opencl\cpp_cl\app\MatrixMultiplicationCPPKernel\Debug\Win32\vc110.pdb
C:\Users\glaxy\Documents\AMD APP\\samples\opencl\bin\debug\x86\MatrixMultiplicationCPPKernel.pdb
C:\Users\glaxy\Documents\AMD APP\\samples\opencl\bin\debug\x86\MatrixMultiplicationCPPKernel.exe
C:\Users\glaxy\Documents\AMD APP\\samples\opencl\bin\debug\x86\MatrixMultiplicationCPPKernel.ilk
