C:\USERS\GLAXY\DOCUMENTS\AMD APP\SAMPLES\OPENCL\CL\APP\DEVICEFISSION11EXT\DEBUG\WIN32\DEVICEFISSION11EXT.OBJ
C:\USERS\GLAXY\DOCUMENTS\AMD APP\SAMPLES\OPENCL\CL\APP\DEVICEFISSION11EXT\DEBUG\WIN32\VC110.PDB
C:\USERS\GLAXY\DOCUMENTS\AMD APP\SAMPLES\OPENCL\BIN\DEBUG\X86\DEVICEFISSION11EXT.ILK
C:\USERS\GLAXY\DOCUMENTS\AMD APP\SAMPLES\OPENCL\BIN\DEBUG\X86\DEVICEFISSION11EXT.EXE
C:\USERS\GLAXY\DOCUMENTS\AMD APP\SAMPLES\OPENCL\CL\APP\DEVICEFISSION11EXT\DEBUG\WIN32\DEVICEFISSION11EXT.PDB
C:\Users\glaxy\Documents\AMD APP\samples\opencl\cl\app\DeviceFission11Ext\Debug\Win32\DeviceFission11Ext.obj
C:\Users\glaxy\Documents\AMD APP\samples\opencl\cl\app\DeviceFission11Ext\Debug\Win32\cl.command.1.tlog
C:\Users\glaxy\Documents\AMD APP\samples\opencl\cl\app\DeviceFission11Ext\Debug\Win32\CL.read.1.tlog
C:\Users\glaxy\Documents\AMD APP\samples\opencl\cl\app\DeviceFission11Ext\Debug\Win32\CL.write.1.tlog
C:\Users\glaxy\Documents\AMD APP\samples\opencl\cl\app\DeviceFission11Ext\Debug\Win32\link-cvtres.read.1.tlog
C:\Users\glaxy\Documents\AMD APP\samples\opencl\cl\app\DeviceFission11Ext\Debug\Win32\link-cvtres.write.1.tlog
C:\Users\glaxy\Documents\AMD APP\samples\opencl\cl\app\DeviceFission11Ext\Debug\Win32\link-rc.read.1.tlog
C:\Users\glaxy\Documents\AMD APP\samples\opencl\cl\app\DeviceFission11Ext\Debug\Win32\link-rc.write.1.tlog
C:\Users\glaxy\Documents\AMD APP\samples\opencl\cl\app\DeviceFission11Ext\Debug\Win32\link.command.1.tlog
C:\Users\glaxy\Documents\AMD APP\samples\opencl\cl\app\DeviceFission11Ext\Debug\Win32\link.read.1.tlog
C:\Users\glaxy\Documents\AMD APP\samples\opencl\cl\app\DeviceFission11Ext\Debug\Win32\link.write.1.tlog
C:\Users\glaxy\Documents\AMD APP\samples\opencl\cl\app\DeviceFission11Ext\Debug\Win32\vc110.idb
C:\Users\glaxy\Documents\AMD APP\samples\opencl\cl\app\DeviceFission11Ext\Debug\Win32\DeviceFission11Ext.pdb
C:\Users\glaxy\Documents\AMD APP\samples\opencl\cl\app\DeviceFission11Ext\Debug\Win32\vc110.pdb
C:\Users\glaxy\Documents\AMD APP\\samples\opencl\bin\debug\x86\DeviceFission11Ext.pdb
C:\Users\glaxy\Documents\AMD APP\\samples\opencl\bin\debug\x86\DeviceFission11Ext.exe
C:\Users\glaxy\Documents\AMD APP\\samples\opencl\bin\debug\x86\DeviceFission11Ext.ilk
