C:\USERS\GLAXY\DOCUMENTS\AMD APP\SAMPLES\OPENCL\CL\APP\SIMPLEMULTIDEVICE\DEBUG\WIN32\SIMPLEMULTIDEVICE.OBJ
C:\USERS\GLAXY\DOCUMENTS\AMD APP\SAMPLES\OPENCL\CL\APP\SIMPLEMULTIDEVICE\DEBUG\WIN32\VC110.PDB
C:\USERS\GLAXY\DOCUMENTS\AMD APP\SAMPLES\OPENCL\BIN\DEBUG\X86\SIMPLEMULTIDEVICE.ILK
C:\USERS\GLAXY\DOCUMENTS\AMD APP\SAMPLES\OPENCL\BIN\DEBUG\X86\SIMPLEMULTIDEVICE.EXE
C:\USERS\GLAXY\DOCUMENTS\AMD APP\SAMPLES\OPENCL\CL\APP\SIMPLEMULTIDEVICE\DEBUG\WIN32\SIMPLEMULTIDEVICE.PDB
C:\Users\glaxy\Documents\AMD APP\samples\opencl\bin\debug\x86\SimpleMultiDevice.lib
C:\Users\glaxy\Documents\AMD APP\samples\opencl\bin\debug\x86\SimpleMultiDevice.exp
C:\Users\glaxy\Documents\AMD APP\samples\opencl\cl\app\SimpleMultiDevice\Debug\Win32\SimpleMultiDevice.obj
C:\Users\glaxy\Documents\AMD APP\samples\opencl\cl\app\SimpleMultiDevice\Debug\Win32\cl.command.1.tlog
C:\Users\glaxy\Documents\AMD APP\samples\opencl\cl\app\SimpleMultiDevice\Debug\Win32\CL.read.1.tlog
C:\Users\glaxy\Documents\AMD APP\samples\opencl\cl\app\SimpleMultiDevice\Debug\Win32\CL.write.1.tlog
C:\Users\glaxy\Documents\AMD APP\samples\opencl\cl\app\SimpleMultiDevice\Debug\Win32\link-cvtres.read.1.tlog
C:\Users\glaxy\Documents\AMD APP\samples\opencl\cl\app\SimpleMultiDevice\Debug\Win32\link-cvtres.write.1.tlog
C:\Users\glaxy\Documents\AMD APP\samples\opencl\cl\app\SimpleMultiDevice\Debug\Win32\link-rc.read.1.tlog
C:\Users\glaxy\Documents\AMD APP\samples\opencl\cl\app\SimpleMultiDevice\Debug\Win32\link-rc.write.1.tlog
C:\Users\glaxy\Documents\AMD APP\samples\opencl\cl\app\SimpleMultiDevice\Debug\Win32\link.command.1.tlog
C:\Users\glaxy\Documents\AMD APP\samples\opencl\cl\app\SimpleMultiDevice\Debug\Win32\link.read.1.tlog
C:\Users\glaxy\Documents\AMD APP\samples\opencl\cl\app\SimpleMultiDevice\Debug\Win32\link.write.1.tlog
C:\Users\glaxy\Documents\AMD APP\samples\opencl\cl\app\SimpleMultiDevice\Debug\Win32\SimpleMultiDevice.write.1.tlog
C:\Users\glaxy\Documents\AMD APP\samples\opencl\cl\app\SimpleMultiDevice\Debug\Win32\vc110.idb
C:\Users\glaxy\Documents\AMD APP\samples\opencl\cl\app\SimpleMultiDevice\Debug\Win32\SimpleMultiDevice.pdb
C:\Users\glaxy\Documents\AMD APP\samples\opencl\cl\app\SimpleMultiDevice\Debug\Win32\vc110.pdb
C:\Users\glaxy\Documents\AMD APP\\samples\opencl\bin\debug\x86\SimpleMultiDevice.pdb
C:\Users\glaxy\Documents\AMD APP\\samples\opencl\bin\debug\x86\SimpleMultiDevice.exe
C:\Users\glaxy\Documents\AMD APP\\samples\opencl\bin\debug\x86\SimpleMultiDevice.ilk
