C:\USERS\GLAXY\DOCUMENTS\AMD APP\SAMPLES\OPENCL\CL\APP\GAUSSIANNOISEGL\DEBUG\WIN32\GAUSSIANNOISEGL.OBJ
C:\USERS\GLAXY\DOCUMENTS\AMD APP\SAMPLES\OPENCL\CL\APP\GAUSSIANNOISEGL\DEBUG\WIN32\VC110.PDB
C:\USERS\GLAXY\DOCUMENTS\AMD APP\SAMPLES\OPENCL\BIN\DEBUG\X86\GAUSSIANNOISEGL.ILK
C:\USERS\GLAXY\DOCUMENTS\AMD APP\SAMPLES\OPENCL\BIN\DEBUG\X86\GAUSSIANNOISEGL.EXE
C:\USERS\GLAXY\DOCUMENTS\AMD APP\SAMPLES\OPENCL\CL\APP\GAUSSIANNOISEGL\DEBUG\WIN32\GAUSSIANNOISEGL.PDB
C:\Users\glaxy\Documents\AMD APP\samples\opencl\cl\app\GaussianNoiseGL\Debug\Win32\GaussianNoiseGL.obj
C:\Users\glaxy\Documents\AMD APP\samples\opencl\cl\app\GaussianNoiseGL\Debug\Win32\cl.command.1.tlog
C:\Users\glaxy\Documents\AMD APP\samples\opencl\cl\app\GaussianNoiseGL\Debug\Win32\CL.read.1.tlog
C:\Users\glaxy\Documents\AMD APP\samples\opencl\cl\app\GaussianNoiseGL\Debug\Win32\CL.write.1.tlog
C:\Users\glaxy\Documents\AMD APP\samples\opencl\cl\app\GaussianNoiseGL\Debug\Win32\link-cvtres.read.1.tlog
C:\Users\glaxy\Documents\AMD APP\samples\opencl\cl\app\GaussianNoiseGL\Debug\Win32\link-cvtres.write.1.tlog
C:\Users\glaxy\Documents\AMD APP\samples\opencl\cl\app\GaussianNoiseGL\Debug\Win32\link-rc.read.1.tlog
C:\Users\glaxy\Documents\AMD APP\samples\opencl\cl\app\GaussianNoiseGL\Debug\Win32\link-rc.write.1.tlog
C:\Users\glaxy\Documents\AMD APP\samples\opencl\cl\app\GaussianNoiseGL\Debug\Win32\link.command.1.tlog
C:\Users\glaxy\Documents\AMD APP\samples\opencl\cl\app\GaussianNoiseGL\Debug\Win32\link.read.1.tlog
C:\Users\glaxy\Documents\AMD APP\samples\opencl\cl\app\GaussianNoiseGL\Debug\Win32\link.write.1.tlog
C:\Users\glaxy\Documents\AMD APP\samples\opencl\cl\app\GaussianNoiseGL\Debug\Win32\vc110.idb
C:\Users\glaxy\Documents\AMD APP\samples\opencl\cl\app\GaussianNoiseGL\Debug\Win32\GaussianNoiseGL.pdb
C:\Users\glaxy\Documents\AMD APP\samples\opencl\cl\app\GaussianNoiseGL\Debug\Win32\vc110.pdb
C:\Users\glaxy\Documents\AMD APP\\samples\opencl\bin\debug\x86\GaussianNoiseGL.pdb
C:\Users\glaxy\Documents\AMD APP\\samples\opencl\bin\debug\x86\GaussianNoiseGL.exe
C:\Users\glaxy\Documents\AMD APP\\samples\opencl\bin\debug\x86\GaussianNoiseGL.ilk
