C:\USERS\GLAXY\DOCUMENTS\AMD APP\SAMPLES\OPENCL\CL\APP\BOXFILTERGL\DEBUG\WIN32\BOXFILTERGLSEPARABLE.OBJ
C:\USERS\GLAXY\DOCUMENTS\AMD APP\SAMPLES\OPENCL\CL\APP\BOXFILTERGL\DEBUG\WIN32\BOXFILTERGLSAT.OBJ
C:\USERS\GLAXY\DOCUMENTS\AMD APP\SAMPLES\OPENCL\CL\APP\BOXFILTERGL\DEBUG\WIN32\BOXFILTERGL.OBJ
C:\USERS\GLAXY\DOCUMENTS\AMD APP\SAMPLES\OPENCL\CL\APP\BOXFILTERGL\DEBUG\WIN32\VC110.PDB
C:\USERS\GLAXY\DOCUMENTS\AMD APP\SAMPLES\OPENCL\BIN\DEBUG\X86\BOXFILTERGL.ILK
C:\USERS\GLAXY\DOCUMENTS\AMD APP\SAMPLES\OPENCL\BIN\DEBUG\X86\BOXFILTERGL.EXE
C:\USERS\GLAXY\DOCUMENTS\AMD APP\SAMPLES\OPENCL\CL\APP\BOXFILTERGL\DEBUG\WIN32\BOXFILTERGL.PDB
C:\Users\glaxy\Documents\AMD APP\samples\opencl\cl\app\BoxFilterGL\Debug\Win32\BoxFilterGL.obj
C:\Users\glaxy\Documents\AMD APP\samples\opencl\cl\app\BoxFilterGL\Debug\Win32\BoxFilterGLSAT.obj
C:\Users\glaxy\Documents\AMD APP\samples\opencl\cl\app\BoxFilterGL\Debug\Win32\BoxFilterGLSeparable.obj
C:\Users\glaxy\Documents\AMD APP\samples\opencl\cl\app\BoxFilterGL\Debug\Win32\cl.command.1.tlog
C:\Users\glaxy\Documents\AMD APP\samples\opencl\cl\app\BoxFilterGL\Debug\Win32\CL.read.1.tlog
C:\Users\glaxy\Documents\AMD APP\samples\opencl\cl\app\BoxFilterGL\Debug\Win32\CL.write.1.tlog
C:\Users\glaxy\Documents\AMD APP\samples\opencl\cl\app\BoxFilterGL\Debug\Win32\link-cvtres.read.1.tlog
C:\Users\glaxy\Documents\AMD APP\samples\opencl\cl\app\BoxFilterGL\Debug\Win32\link-cvtres.write.1.tlog
C:\Users\glaxy\Documents\AMD APP\samples\opencl\cl\app\BoxFilterGL\Debug\Win32\link-rc.read.1.tlog
C:\Users\glaxy\Documents\AMD APP\samples\opencl\cl\app\BoxFilterGL\Debug\Win32\link-rc.write.1.tlog
C:\Users\glaxy\Documents\AMD APP\samples\opencl\cl\app\BoxFilterGL\Debug\Win32\link.command.1.tlog
C:\Users\glaxy\Documents\AMD APP\samples\opencl\cl\app\BoxFilterGL\Debug\Win32\link.read.1.tlog
C:\Users\glaxy\Documents\AMD APP\samples\opencl\cl\app\BoxFilterGL\Debug\Win32\link.write.1.tlog
C:\Users\glaxy\Documents\AMD APP\samples\opencl\cl\app\BoxFilterGL\Debug\Win32\vc110.idb
C:\Users\glaxy\Documents\AMD APP\samples\opencl\cl\app\BoxFilterGL\Debug\Win32\BoxFilterGL.pdb
C:\Users\glaxy\Documents\AMD APP\samples\opencl\cl\app\BoxFilterGL\Debug\Win32\vc110.pdb
C:\Users\glaxy\Documents\AMD APP\\samples\opencl\bin\debug\x86\BoxFilterGL.pdb
C:\Users\glaxy\Documents\AMD APP\\samples\opencl\bin\debug\x86\BoxFilterGL.exe
C:\Users\glaxy\Documents\AMD APP\\samples\opencl\bin\debug\x86\BoxFilterGL.ilk
