C:\USERS\GLAXY\DOCUMENTS\AMD APP\SAMPLES\OPENCL\CL\APP\FLUIDSIMULATION2D\DEBUG\WIN32\COLORSCALE.OBJ
C:\USERS\GLAXY\DOCUMENTS\AMD APP\SAMPLES\OPENCL\CL\APP\FLUIDSIMULATION2D\DEBUG\WIN32\FLUIDSIMULATION2D.OBJ
C:\USERS\GLAXY\DOCUMENTS\AMD APP\SAMPLES\OPENCL\CL\APP\FLUIDSIMULATION2D\DEBUG\WIN32\VC110.PDB
C:\USERS\GLAXY\DOCUMENTS\AMD APP\SAMPLES\OPENCL\BIN\DEBUG\X86\FLUIDSIMULATION2D.ILK
C:\USERS\GLAXY\DOCUMENTS\AMD APP\SAMPLES\OPENCL\BIN\DEBUG\X86\FLUIDSIMULATION2D.EXE
C:\USERS\GLAXY\DOCUMENTS\AMD APP\SAMPLES\OPENCL\CL\APP\FLUIDSIMULATION2D\DEBUG\WIN32\FLUIDSIMULATION2D.PDB
C:\Users\glaxy\Documents\AMD APP\samples\opencl\cl\app\FluidSimulation2D\Debug\Win32\ColorScale.obj
C:\Users\glaxy\Documents\AMD APP\samples\opencl\cl\app\FluidSimulation2D\Debug\Win32\FluidSimulation2D.obj
C:\Users\glaxy\Documents\AMD APP\samples\opencl\cl\app\FluidSimulation2D\Debug\Win32\cl.command.1.tlog
C:\Users\glaxy\Documents\AMD APP\samples\opencl\cl\app\FluidSimulation2D\Debug\Win32\CL.read.1.tlog
C:\Users\glaxy\Documents\AMD APP\samples\opencl\cl\app\FluidSimulation2D\Debug\Win32\CL.write.1.tlog
C:\Users\glaxy\Documents\AMD APP\samples\opencl\cl\app\FluidSimulation2D\Debug\Win32\link-cvtres.read.1.tlog
C:\Users\glaxy\Documents\AMD APP\samples\opencl\cl\app\FluidSimulation2D\Debug\Win32\link-cvtres.write.1.tlog
C:\Users\glaxy\Documents\AMD APP\samples\opencl\cl\app\FluidSimulation2D\Debug\Win32\link-rc.read.1.tlog
C:\Users\glaxy\Documents\AMD APP\samples\opencl\cl\app\FluidSimulation2D\Debug\Win32\link-rc.write.1.tlog
C:\Users\glaxy\Documents\AMD APP\samples\opencl\cl\app\FluidSimulation2D\Debug\Win32\link.command.1.tlog
C:\Users\glaxy\Documents\AMD APP\samples\opencl\cl\app\FluidSimulation2D\Debug\Win32\link.read.1.tlog
C:\Users\glaxy\Documents\AMD APP\samples\opencl\cl\app\FluidSimulation2D\Debug\Win32\link.write.1.tlog
C:\Users\glaxy\Documents\AMD APP\samples\opencl\cl\app\FluidSimulation2D\Debug\Win32\vc110.idb
C:\Users\glaxy\Documents\AMD APP\samples\opencl\cl\app\FluidSimulation2D\Debug\Win32\FluidSimulation2D.pdb
C:\Users\glaxy\Documents\AMD APP\samples\opencl\cl\app\FluidSimulation2D\Debug\Win32\vc110.pdb
C:\Users\glaxy\Documents\AMD APP\\samples\opencl\bin\debug\x86\FluidSimulation2D.pdb
C:\Users\glaxy\Documents\AMD APP\\samples\opencl\bin\debug\x86\FluidSimulation2D.exe
C:\Users\glaxy\Documents\AMD APP\\samples\opencl\bin\debug\x86\FluidSimulation2D.ilk
