C:\USERS\GLAXY\DOCUMENTS\AMD APP\SAMPLES\OPENCL\CL\APP\KERNELLAUNCH\DEBUG\WIN32\TIMER.OBJ
C:\USERS\GLAXY\DOCUMENTS\AMD APP\SAMPLES\OPENCL\CL\APP\KERNELLAUNCH\DEBUG\WIN32\SHARED.OBJ
C:\USERS\GLAXY\DOCUMENTS\AMD APP\SAMPLES\OPENCL\CL\APP\KERNELLAUNCH\DEBUG\WIN32\LOG.OBJ
C:\USERS\GLAXY\DOCUMENTS\AMD APP\SAMPLES\OPENCL\CL\APP\KERNELLAUNCH\DEBUG\WIN32\KERNELLAUNCH.OBJ
C:\USERS\GLAXY\DOCUMENTS\AMD APP\SAMPLES\OPENCL\CL\APP\KERNELLAUNCH\DEBUG\WIN32\VC110.PDB
C:\USERS\GLAXY\DOCUMENTS\AMD APP\SAMPLES\OPENCL\BIN\DEBUG\X86\KERNELLAUNCH.ILK
C:\USERS\GLAXY\DOCUMENTS\AMD APP\SAMPLES\OPENCL\BIN\DEBUG\X86\KERNELLAUNCH.EXE
C:\USERS\GLAXY\DOCUMENTS\AMD APP\SAMPLES\OPENCL\CL\APP\KERNELLAUNCH\DEBUG\WIN32\KERNELLAUNCH.PDB
C:\Users\glaxy\Documents\AMD APP\samples\opencl\cl\app\KernelLaunch\Debug\Win32\KernelLaunch.obj
C:\Users\glaxy\Documents\AMD APP\samples\opencl\cl\app\KernelLaunch\Debug\Win32\Log.obj
C:\Users\glaxy\Documents\AMD APP\samples\opencl\cl\app\KernelLaunch\Debug\Win32\Shared.obj
C:\Users\glaxy\Documents\AMD APP\samples\opencl\cl\app\KernelLaunch\Debug\Win32\Timer.obj
C:\Users\glaxy\Documents\AMD APP\samples\opencl\cl\app\KernelLaunch\Debug\Win32\cl.command.1.tlog
C:\Users\glaxy\Documents\AMD APP\samples\opencl\cl\app\KernelLaunch\Debug\Win32\CL.read.1.tlog
C:\Users\glaxy\Documents\AMD APP\samples\opencl\cl\app\KernelLaunch\Debug\Win32\CL.write.1.tlog
C:\Users\glaxy\Documents\AMD APP\samples\opencl\cl\app\KernelLaunch\Debug\Win32\link-cvtres.read.1.tlog
C:\Users\glaxy\Documents\AMD APP\samples\opencl\cl\app\KernelLaunch\Debug\Win32\link-cvtres.write.1.tlog
C:\Users\glaxy\Documents\AMD APP\samples\opencl\cl\app\KernelLaunch\Debug\Win32\link-rc.read.1.tlog
C:\Users\glaxy\Documents\AMD APP\samples\opencl\cl\app\KernelLaunch\Debug\Win32\link-rc.write.1.tlog
C:\Users\glaxy\Documents\AMD APP\samples\opencl\cl\app\KernelLaunch\Debug\Win32\link.command.1.tlog
C:\Users\glaxy\Documents\AMD APP\samples\opencl\cl\app\KernelLaunch\Debug\Win32\link.read.1.tlog
C:\Users\glaxy\Documents\AMD APP\samples\opencl\cl\app\KernelLaunch\Debug\Win32\link.write.1.tlog
C:\Users\glaxy\Documents\AMD APP\samples\opencl\cl\app\KernelLaunch\Debug\Win32\vc110.idb
C:\Users\glaxy\Documents\AMD APP\samples\opencl\cl\app\KernelLaunch\Debug\Win32\KernelLaunch.pdb
C:\Users\glaxy\Documents\AMD APP\samples\opencl\cl\app\KernelLaunch\Debug\Win32\vc110.pdb
C:\Users\glaxy\Documents\AMD APP\\samples\opencl\bin\debug\x86\KernelLaunch.pdb
C:\Users\glaxy\Documents\AMD APP\\samples\opencl\bin\debug\x86\KernelLaunch.exe
C:\Users\glaxy\Documents\AMD APP\\samples\opencl\bin\debug\x86\KernelLaunch.ilk
