C:\USERS\GLAXY\DOCUMENTS\AMD APP\SAMPLES\OPENCL\CPP_CL\APP\DWTHAAR1DCPPKERNEL\DEBUG\WIN32\DWTHAAR1DCPPKERNEL.OBJ
C:\USERS\GLAXY\DOCUMENTS\AMD APP\SAMPLES\OPENCL\CPP_CL\APP\DWTHAAR1DCPPKERNEL\DEBUG\WIN32\VC110.PDB
C:\USERS\GLAXY\DOCUMENTS\AMD APP\SAMPLES\OPENCL\BIN\DEBUG\X86\DWTHAAR1DCPPKERNEL.ILK
C:\USERS\GLAXY\DOCUMENTS\AMD APP\SAMPLES\OPENCL\BIN\DEBUG\X86\DWTHAAR1DCPPKERNEL.EXE
C:\USERS\GLAXY\DOCUMENTS\AMD APP\SAMPLES\OPENCL\CPP_CL\APP\DWTHAAR1DCPPKERNEL\DEBUG\WIN32\DWTHAAR1DCPPKERNEL.PDB
C:\Users\glaxy\Documents\AMD APP\samples\opencl\cpp_cl\app\DwtHaar1DCPPKernel\Debug\Win32\DwtHaar1DCPPKernel.obj
C:\Users\glaxy\Documents\AMD APP\samples\opencl\cpp_cl\app\DwtHaar1DCPPKernel\Debug\Win32\cl.command.1.tlog
C:\Users\glaxy\Documents\AMD APP\samples\opencl\cpp_cl\app\DwtHaar1DCPPKernel\Debug\Win32\CL.read.1.tlog
C:\Users\glaxy\Documents\AMD APP\samples\opencl\cpp_cl\app\DwtHaar1DCPPKernel\Debug\Win32\CL.write.1.tlog
C:\Users\glaxy\Documents\AMD APP\samples\opencl\cpp_cl\app\DwtHaar1DCPPKernel\Debug\Win32\link-cvtres.read.1.tlog
C:\Users\glaxy\Documents\AMD APP\samples\opencl\cpp_cl\app\DwtHaar1DCPPKernel\Debug\Win32\link-cvtres.write.1.tlog
C:\Users\glaxy\Documents\AMD APP\samples\opencl\cpp_cl\app\DwtHaar1DCPPKernel\Debug\Win32\link-rc.read.1.tlog
C:\Users\glaxy\Documents\AMD APP\samples\opencl\cpp_cl\app\DwtHaar1DCPPKernel\Debug\Win32\link-rc.write.1.tlog
C:\Users\glaxy\Documents\AMD APP\samples\opencl\cpp_cl\app\DwtHaar1DCPPKernel\Debug\Win32\link.command.1.tlog
C:\Users\glaxy\Documents\AMD APP\samples\opencl\cpp_cl\app\DwtHaar1DCPPKernel\Debug\Win32\link.read.1.tlog
C:\Users\glaxy\Documents\AMD APP\samples\opencl\cpp_cl\app\DwtHaar1DCPPKernel\Debug\Win32\link.write.1.tlog
C:\Users\glaxy\Documents\AMD APP\samples\opencl\cpp_cl\app\DwtHaar1DCPPKernel\Debug\Win32\vc110.idb
C:\Users\glaxy\Documents\AMD APP\samples\opencl\cpp_cl\app\DwtHaar1DCPPKernel\Debug\Win32\DwtHaar1DCPPKernel.pdb
C:\Users\glaxy\Documents\AMD APP\samples\opencl\cpp_cl\app\DwtHaar1DCPPKernel\Debug\Win32\vc110.pdb
C:\Users\glaxy\Documents\AMD APP\\samples\opencl\bin\debug\x86\DwtHaar1DCPPKernel.pdb
C:\Users\glaxy\Documents\AMD APP\\samples\opencl\bin\debug\x86\DwtHaar1DCPPKernel.exe
C:\Users\glaxy\Documents\AMD APP\\samples\opencl\bin\debug\x86\DwtHaar1DCPPKernel.ilk
