C:\USERS\GLAXY\DOCUMENTS\AMD APP\SAMPLES\OPENCL\CPP_CL\APP\CPLUSPLUSWRAPPER\DEBUG\WIN32\CPLUSPLUSWRAPPER.OBJ
C:\USERS\GLAXY\DOCUMENTS\AMD APP\SAMPLES\OPENCL\CPP_CL\APP\CPLUSPLUSWRAPPER\DEBUG\WIN32\VC110.PDB
C:\USERS\GLAXY\DOCUMENTS\AMD APP\SAMPLES\OPENCL\BIN\DEBUG\X86\CPLUSPLUSWRAPPER.ILK
C:\USERS\GLAXY\DOCUMENTS\AMD APP\SAMPLES\OPENCL\BIN\DEBUG\X86\CPLUSPLUSWRAPPER.EXE
C:\USERS\GLAXY\DOCUMENTS\AMD APP\SAMPLES\OPENCL\CPP_CL\APP\CPLUSPLUSWRAPPER\DEBUG\WIN32\CPLUSPLUSWRAPPER.EXE.INTERMEDIATE.MANIFEST
C:\USERS\GLAXY\DOCUMENTS\AMD APP\SAMPLES\OPENCL\CPP_CL\APP\CPLUSPLUSWRAPPER\DEBUG\WIN32\CPLUSPLUSWRAPPER.PDB
C:\USERS\GLAXY\DOCUMENTS\AMD APP\SAMPLES\OPENCL\BIN\DEBUG\X86\CPLUSPLUSWRAPPER.EXE.EMBED.MANIFEST
C:\Users\glaxy\Documents\AMD APP\samples\opencl\cpp_cl\app\CplusplusWrapper\Debug\Win32\CplusplusWrapper.obj
C:\Users\glaxy\Documents\AMD APP\samples\opencl\cpp_cl\app\CplusplusWrapper\Debug\Win32\cl.command.1.tlog
C:\Users\glaxy\Documents\AMD APP\samples\opencl\cpp_cl\app\CplusplusWrapper\Debug\Win32\CL.read.1.tlog
C:\Users\glaxy\Documents\AMD APP\samples\opencl\cpp_cl\app\CplusplusWrapper\Debug\Win32\CL.write.1.tlog
C:\Users\glaxy\Documents\AMD APP\samples\opencl\cpp_cl\app\CplusplusWrapper\Debug\Win32\link.command.1.tlog
C:\Users\glaxy\Documents\AMD APP\samples\opencl\cpp_cl\app\CplusplusWrapper\Debug\Win32\link.read.1.tlog
C:\Users\glaxy\Documents\AMD APP\samples\opencl\cpp_cl\app\CplusplusWrapper\Debug\Win32\link.write.1.tlog
C:\Users\glaxy\Documents\AMD APP\samples\opencl\cpp_cl\app\CplusplusWrapper\Debug\Win32\mt.command.1.tlog
C:\Users\glaxy\Documents\AMD APP\samples\opencl\cpp_cl\app\CplusplusWrapper\Debug\Win32\mt.read.1.tlog
C:\Users\glaxy\Documents\AMD APP\samples\opencl\cpp_cl\app\CplusplusWrapper\Debug\Win32\mt.write.1.tlog
C:\Users\glaxy\Documents\AMD APP\samples\opencl\cpp_cl\app\CplusplusWrapper\Debug\Win32\CplusplusWrapper.exe.intermediate.manifest
C:\Users\glaxy\Documents\AMD APP\samples\opencl\cpp_cl\app\CplusplusWrapper\Debug\Win32\vc110.idb
C:\Users\glaxy\Documents\AMD APP\samples\opencl\cpp_cl\app\CplusplusWrapper\Debug\Win32\CplusplusWrapper.pdb
C:\Users\glaxy\Documents\AMD APP\samples\opencl\cpp_cl\app\CplusplusWrapper\Debug\Win32\vc110.pdb
C:\Users\glaxy\Documents\AMD APP\\samples\opencl\bin\debug\x86\CplusplusWrapper.pdb
C:\Users\glaxy\Documents\AMD APP\\samples\opencl\bin\debug\x86\CplusplusWrapper.exe
C:\Users\glaxy\Documents\AMD APP\\samples\opencl\bin\debug\x86\CplusplusWrapper.ilk
