C:\USERS\GLAXY\DOCUMENTS\AMD APP\SAMPLES\OPENCL\CPP_CL\APP\HISTOGRAMATOMICS\DEBUG\WIN32\HISTOGRAMATOMICS.OBJ
C:\USERS\GLAXY\DOCUMENTS\AMD APP\SAMPLES\OPENCL\CPP_CL\APP\HISTOGRAMATOMICS\DEBUG\WIN32\VC110.PDB
C:\USERS\GLAXY\DOCUMENTS\AMD APP\SAMPLES\OPENCL\BIN\DEBUG\X86\HISTOGRAMATOMICS.ILK
C:\USERS\GLAXY\DOCUMENTS\AMD APP\SAMPLES\OPENCL\BIN\DEBUG\X86\HISTOGRAMATOMICS.EXE
C:\USERS\GLAXY\DOCUMENTS\AMD APP\SAMPLES\OPENCL\CPP_CL\APP\HISTOGRAMATOMICS\DEBUG\WIN32\HISTOGRAMATOMICS.PDB
C:\Users\glaxy\Documents\AMD APP\samples\opencl\cpp_cl\app\HistogramAtomics\Debug\Win32\HistogramAtomics.obj
C:\Users\glaxy\Documents\AMD APP\samples\opencl\cpp_cl\app\HistogramAtomics\Debug\Win32\cl.command.1.tlog
C:\Users\glaxy\Documents\AMD APP\samples\opencl\cpp_cl\app\HistogramAtomics\Debug\Win32\CL.read.1.tlog
C:\Users\glaxy\Documents\AMD APP\samples\opencl\cpp_cl\app\HistogramAtomics\Debug\Win32\CL.write.1.tlog
C:\Users\glaxy\Documents\AMD APP\samples\opencl\cpp_cl\app\HistogramAtomics\Debug\Win32\link-cvtres.read.1.tlog
C:\Users\glaxy\Documents\AMD APP\samples\opencl\cpp_cl\app\HistogramAtomics\Debug\Win32\link-cvtres.write.1.tlog
C:\Users\glaxy\Documents\AMD APP\samples\opencl\cpp_cl\app\HistogramAtomics\Debug\Win32\link-rc.read.1.tlog
C:\Users\glaxy\Documents\AMD APP\samples\opencl\cpp_cl\app\HistogramAtomics\Debug\Win32\link-rc.write.1.tlog
C:\Users\glaxy\Documents\AMD APP\samples\opencl\cpp_cl\app\HistogramAtomics\Debug\Win32\link.command.1.tlog
C:\Users\glaxy\Documents\AMD APP\samples\opencl\cpp_cl\app\HistogramAtomics\Debug\Win32\link.read.1.tlog
C:\Users\glaxy\Documents\AMD APP\samples\opencl\cpp_cl\app\HistogramAtomics\Debug\Win32\link.write.1.tlog
C:\Users\glaxy\Documents\AMD APP\samples\opencl\cpp_cl\app\HistogramAtomics\Debug\Win32\vc110.idb
C:\Users\glaxy\Documents\AMD APP\samples\opencl\cpp_cl\app\HistogramAtomics\Debug\Win32\HistogramAtomics.pdb
C:\Users\glaxy\Documents\AMD APP\samples\opencl\cpp_cl\app\HistogramAtomics\Debug\Win32\vc110.pdb
C:\Users\glaxy\Documents\AMD APP\\samples\opencl\bin\debug\x86\HistogramAtomics.pdb
C:\Users\glaxy\Documents\AMD APP\\samples\opencl\bin\debug\x86\HistogramAtomics.exe
C:\Users\glaxy\Documents\AMD APP\\samples\opencl\bin\debug\x86\HistogramAtomics.ilk
