C:\USERS\GLAXY\DOCUMENTS\AMD APP\SAMPLES\OPENCL\CL\APP\RECURSIVEGAUSSIAN\DEBUG\WIN32\RECURSIVEGAUSSIAN.OBJ
C:\USERS\GLAXY\DOCUMENTS\AMD APP\SAMPLES\OPENCL\CL\APP\RECURSIVEGAUSSIAN\DEBUG\WIN32\VC110.PDB
C:\USERS\GLAXY\DOCUMENTS\AMD APP\SAMPLES\OPENCL\BIN\DEBUG\X86\RECURSIVEGAUSSIAN.ILK
C:\USERS\GLAXY\DOCUMENTS\AMD APP\SAMPLES\OPENCL\BIN\DEBUG\X86\RECURSIVEGAUSSIAN.EXE
C:\USERS\GLAXY\DOCUMENTS\AMD APP\SAMPLES\OPENCL\CL\APP\RECURSIVEGAUSSIAN\DEBUG\WIN32\RECURSIVEGAUSSIAN.PDB
C:\Users\glaxy\Documents\AMD APP\samples\opencl\cl\app\RecursiveGaussian\Debug\Win32\RecursiveGaussian.obj
C:\Users\glaxy\Documents\AMD APP\samples\opencl\cl\app\RecursiveGaussian\Debug\Win32\cl.command.1.tlog
C:\Users\glaxy\Documents\AMD APP\samples\opencl\cl\app\RecursiveGaussian\Debug\Win32\CL.read.1.tlog
C:\Users\glaxy\Documents\AMD APP\samples\opencl\cl\app\RecursiveGaussian\Debug\Win32\CL.write.1.tlog
C:\Users\glaxy\Documents\AMD APP\samples\opencl\cl\app\RecursiveGaussian\Debug\Win32\link-cvtres.read.1.tlog
C:\Users\glaxy\Documents\AMD APP\samples\opencl\cl\app\RecursiveGaussian\Debug\Win32\link-cvtres.write.1.tlog
C:\Users\glaxy\Documents\AMD APP\samples\opencl\cl\app\RecursiveGaussian\Debug\Win32\link-rc.read.1.tlog
C:\Users\glaxy\Documents\AMD APP\samples\opencl\cl\app\RecursiveGaussian\Debug\Win32\link-rc.write.1.tlog
C:\Users\glaxy\Documents\AMD APP\samples\opencl\cl\app\RecursiveGaussian\Debug\Win32\link.command.1.tlog
C:\Users\glaxy\Documents\AMD APP\samples\opencl\cl\app\RecursiveGaussian\Debug\Win32\link.read.1.tlog
C:\Users\glaxy\Documents\AMD APP\samples\opencl\cl\app\RecursiveGaussian\Debug\Win32\link.write.1.tlog
C:\Users\glaxy\Documents\AMD APP\samples\opencl\cl\app\RecursiveGaussian\Debug\Win32\vc110.idb
C:\Users\glaxy\Documents\AMD APP\samples\opencl\cl\app\RecursiveGaussian\Debug\Win32\RecursiveGaussian.pdb
C:\Users\glaxy\Documents\AMD APP\samples\opencl\cl\app\RecursiveGaussian\Debug\Win32\vc110.pdb
C:\Users\glaxy\Documents\AMD APP\\samples\opencl\bin\debug\x86\RecursiveGaussian.pdb
C:\Users\glaxy\Documents\AMD APP\\samples\opencl\bin\debug\x86\RecursiveGaussian.exe
C:\Users\glaxy\Documents\AMD APP\\samples\opencl\bin\debug\x86\RecursiveGaussian.ilk
