C:\USERS\GLAXY\DOCUMENTS\AMD APP\SAMPLES\OPENCL\CL\APP\LUDECOMPOSITION\DEBUG\WIN32\LUDECOMPOSITION.OBJ
C:\USERS\GLAXY\DOCUMENTS\AMD APP\SAMPLES\OPENCL\CL\APP\LUDECOMPOSITION\DEBUG\WIN32\VC110.PDB
C:\USERS\GLAXY\DOCUMENTS\AMD APP\SAMPLES\OPENCL\BIN\DEBUG\X86\LUDECOMPOSITION.ILK
C:\USERS\GLAXY\DOCUMENTS\AMD APP\SAMPLES\OPENCL\BIN\DEBUG\X86\LUDECOMPOSITION.EXE
C:\USERS\GLAXY\DOCUMENTS\AMD APP\SAMPLES\OPENCL\CL\APP\LUDECOMPOSITION\DEBUG\WIN32\LUDECOMPOSITION.PDB
C:\Users\glaxy\Documents\AMD APP\samples\opencl\cl\app\LUDecomposition\Debug\Win32\LUDecomposition.obj
C:\Users\glaxy\Documents\AMD APP\samples\opencl\cl\app\LUDecomposition\Debug\Win32\cl.command.1.tlog
C:\Users\glaxy\Documents\AMD APP\samples\opencl\cl\app\LUDecomposition\Debug\Win32\CL.read.1.tlog
C:\Users\glaxy\Documents\AMD APP\samples\opencl\cl\app\LUDecomposition\Debug\Win32\CL.write.1.tlog
C:\Users\glaxy\Documents\AMD APP\samples\opencl\cl\app\LUDecomposition\Debug\Win32\link-cvtres.read.1.tlog
C:\Users\glaxy\Documents\AMD APP\samples\opencl\cl\app\LUDecomposition\Debug\Win32\link-cvtres.write.1.tlog
C:\Users\glaxy\Documents\AMD APP\samples\opencl\cl\app\LUDecomposition\Debug\Win32\link-rc.read.1.tlog
C:\Users\glaxy\Documents\AMD APP\samples\opencl\cl\app\LUDecomposition\Debug\Win32\link-rc.write.1.tlog
C:\Users\glaxy\Documents\AMD APP\samples\opencl\cl\app\LUDecomposition\Debug\Win32\link.command.1.tlog
C:\Users\glaxy\Documents\AMD APP\samples\opencl\cl\app\LUDecomposition\Debug\Win32\link.read.1.tlog
C:\Users\glaxy\Documents\AMD APP\samples\opencl\cl\app\LUDecomposition\Debug\Win32\link.write.1.tlog
C:\Users\glaxy\Documents\AMD APP\samples\opencl\cl\app\LUDecomposition\Debug\Win32\vc110.idb
C:\Users\glaxy\Documents\AMD APP\samples\opencl\cl\app\LUDecomposition\Debug\Win32\LUDecomposition.pdb
C:\Users\glaxy\Documents\AMD APP\samples\opencl\cl\app\LUDecomposition\Debug\Win32\vc110.pdb
C:\Users\glaxy\Documents\AMD APP\\samples\opencl\bin\debug\x86\LUDecomposition.pdb
C:\Users\glaxy\Documents\AMD APP\\samples\opencl\bin\debug\x86\LUDecomposition.exe
C:\Users\glaxy\Documents\AMD APP\\samples\opencl\bin\debug\x86\LUDecomposition.ilk
