C:\USERS\GLAXY\DOCUMENTS\AMD APP\SAMPLES\OPENCL\CL\APP\SCANLARGEARRAYS\DEBUG\WIN32\SCANLARGEARRAYS.OBJ
C:\USERS\GLAXY\DOCUMENTS\AMD APP\SAMPLES\OPENCL\CL\APP\SCANLARGEARRAYS\DEBUG\WIN32\VC110.PDB
C:\USERS\GLAXY\DOCUMENTS\AMD APP\SAMPLES\OPENCL\BIN\DEBUG\X86\SCANLARGEARRAYS.ILK
C:\USERS\GLAXY\DOCUMENTS\AMD APP\SAMPLES\OPENCL\BIN\DEBUG\X86\SCANLARGEARRAYS.EXE
C:\USERS\GLAXY\DOCUMENTS\AMD APP\SAMPLES\OPENCL\CL\APP\SCANLARGEARRAYS\DEBUG\WIN32\SCANLARGEARRAYS.PDB
C:\Users\glaxy\Documents\AMD APP\samples\opencl\cl\app\ScanLargeArrays\Debug\Win32\ScanLargeArrays.obj
C:\Users\glaxy\Documents\AMD APP\samples\opencl\cl\app\ScanLargeArrays\Debug\Win32\cl.command.1.tlog
C:\Users\glaxy\Documents\AMD APP\samples\opencl\cl\app\ScanLargeArrays\Debug\Win32\CL.read.1.tlog
C:\Users\glaxy\Documents\AMD APP\samples\opencl\cl\app\ScanLargeArrays\Debug\Win32\CL.write.1.tlog
C:\Users\glaxy\Documents\AMD APP\samples\opencl\cl\app\ScanLargeArrays\Debug\Win32\link-cvtres.read.1.tlog
C:\Users\glaxy\Documents\AMD APP\samples\opencl\cl\app\ScanLargeArrays\Debug\Win32\link-cvtres.write.1.tlog
C:\Users\glaxy\Documents\AMD APP\samples\opencl\cl\app\ScanLargeArrays\Debug\Win32\link-rc.read.1.tlog
C:\Users\glaxy\Documents\AMD APP\samples\opencl\cl\app\ScanLargeArrays\Debug\Win32\link-rc.write.1.tlog
C:\Users\glaxy\Documents\AMD APP\samples\opencl\cl\app\ScanLargeArrays\Debug\Win32\link.command.1.tlog
C:\Users\glaxy\Documents\AMD APP\samples\opencl\cl\app\ScanLargeArrays\Debug\Win32\link.read.1.tlog
C:\Users\glaxy\Documents\AMD APP\samples\opencl\cl\app\ScanLargeArrays\Debug\Win32\link.write.1.tlog
C:\Users\glaxy\Documents\AMD APP\samples\opencl\cl\app\ScanLargeArrays\Debug\Win32\vc110.idb
C:\Users\glaxy\Documents\AMD APP\samples\opencl\cl\app\ScanLargeArrays\Debug\Win32\ScanLargeArrays.pdb
C:\Users\glaxy\Documents\AMD APP\samples\opencl\cl\app\ScanLargeArrays\Debug\Win32\vc110.pdb
C:\Users\glaxy\Documents\AMD APP\\samples\opencl\bin\debug\x86\ScanLargeArrays.pdb
C:\Users\glaxy\Documents\AMD APP\\samples\opencl\bin\debug\x86\ScanLargeArrays.exe
C:\Users\glaxy\Documents\AMD APP\\samples\opencl\bin\debug\x86\ScanLargeArrays.ilk
