C:\USERS\GLAXY\DOCUMENTS\AMD APP\SAMPLES\OPENCL\SDKUTIL\BUILD\DEBUG\X86\SDKAPPLICATION.OBJ
C:\USERS\GLAXY\DOCUMENTS\AMD APP\SAMPLES\OPENCL\SDKUTIL\BUILD\DEBUG\X86\SDKBITMAP.OBJ
C:\USERS\GLAXY\DOCUMENTS\AMD APP\SAMPLES\OPENCL\SDKUTIL\BUILD\DEBUG\X86\SDKCOMMANDARGS.OBJ
C:\USERS\GLAXY\DOCUMENTS\AMD APP\SAMPLES\OPENCL\SDKUTIL\BUILD\DEBUG\X86\SDKCOMMON.OBJ
C:\USERS\GLAXY\DOCUMENTS\AMD APP\SAMPLES\OPENCL\SDKUTIL\BUILD\DEBUG\X86\SDKFILE.OBJ
C:\USERS\GLAXY\DOCUMENTS\AMD APP\SAMPLES\OPENCL\SDKUTIL\BUILD\DEBUG\X86\SDKTHREAD.OBJ
C:\USERS\GLAXY\DOCUMENTS\AMD APP\SAMPLES\OPENCL\SDKUTIL\BUILD\DEBUG\X86\VC110.PDB
C:\USERS\GLAXY\DOCUMENTS\AMD APP\TEMPSDKUTIL\LIB\DEBUG\X86\SDKUTIL.LIB
C:\Users\glaxy\Documents\AMD APP\samples\opencl\SDKUtil\build\debug\x86\SDKApplication.obj
C:\Users\glaxy\Documents\AMD APP\samples\opencl\SDKUtil\build\debug\x86\SDKBitMap.obj
C:\Users\glaxy\Documents\AMD APP\samples\opencl\SDKUtil\build\debug\x86\SDKCommandArgs.obj
C:\Users\glaxy\Documents\AMD APP\samples\opencl\SDKUtil\build\debug\x86\SDKCommon.obj
C:\Users\glaxy\Documents\AMD APP\samples\opencl\SDKUtil\build\debug\x86\SDKFile.obj
C:\Users\glaxy\Documents\AMD APP\samples\opencl\SDKUtil\build\debug\x86\SDKThread.obj
C:\Users\glaxy\Documents\AMD APP\samples\opencl\SDKUtil\build\debug\x86\cl.command.1.tlog
C:\Users\glaxy\Documents\AMD APP\samples\opencl\SDKUtil\build\debug\x86\CL.read.1.tlog
C:\Users\glaxy\Documents\AMD APP\samples\opencl\SDKUtil\build\debug\x86\CL.write.1.tlog
C:\Users\glaxy\Documents\AMD APP\samples\opencl\SDKUtil\build\debug\x86\Lib-link.read.1.tlog
C:\Users\glaxy\Documents\AMD APP\samples\opencl\SDKUtil\build\debug\x86\Lib-link.write.1.tlog
C:\Users\glaxy\Documents\AMD APP\samples\opencl\SDKUtil\build\debug\x86\lib.command.1.tlog
C:\Users\glaxy\Documents\AMD APP\samples\opencl\SDKUtil\build\debug\x86\vc110.idb
C:\Users\glaxy\Documents\AMD APP\samples\opencl\SDKUtil\build\debug\x86\vc110.pdb
C:\Users\glaxy\Documents\AMD APP\\TempSDKUtil\lib\debug\x86\SDKUtil.lib
